# ELBREAD: Elaboration process.
# ELBREAD: Elaboration time 0.1 [s].
asim -t ns -O5 +access +r +m+usuario usuario usuario_architecture
# ELBREAD: Elaboration process.
# ELBREAD: Elaboration time 0.0 [s].
# VSIM: Stack memory: 32MB
# VSIM: Retval memory: 32MB
# 
# KERNEL: Main thread initiated.
# KERNEL: Kernel process initialization phase.
# ELAB2: Elaboration final pass...
# ELAB2: Create instances ...
# KERNEL: Time resolution set to 1ns.
# ELAB2: Create instances complete.
# SLP: Started
# SLP: Elaboration phase ...
# SLP: Elaboration phase ... skipped, nothing to simulate in SLP mode : 0.0 [s]
# SLP: Finished : 0.0 [s]
# ELAB2: Elaboration final pass complete - time: 0.2 [s].
# KERNEL: Warning: You are using the Active-HDL Student Edition. The performance of simulation is running at a reduced rate.
# KERNEL: Warning: Contact Aldec for available upgrade options - sales@aldec.com.
# KERNEL: Kernel process initialization done.
# Allocation: Simulator allocated 57068 kB (elbread=427 elab2=56491 kernel=149 sdf=0)
# KERNEL: ASDB file was created in location C:\Users\alber\Downloads\2_TDA_1819\My_Designs\TDA_1819\TDA_1819\src\wave.asdb
#  14:07, jueves, 20 de noviembre de 2025
#  Simulation has been initialized
run
# EXECUTION:: FAILURE: Error en la línea 20 del programa 'Assembler/test_pushh_poph.asm': el sistema de numeración del tercer operando no es válido
# EXECUTION:: Time: 137 ns,  Iteration: 0,  Instance: /usuario/UUT/UUT1,  Process: Main.
# KERNEL: Stopped at time 137 ns + 0.
endsim
# VSIM: Simulation has finished.
asim -t ns -O5 +access +r +m+usuario usuario usuario_architecture
# ELBREAD: Elaboration process.
# ELBREAD: Elaboration time 0.0 [s].
# VSIM: Stack memory: 32MB
# VSIM: Retval memory: 32MB
# 
# KERNEL: Main thread initiated.
# KERNEL: Kernel process initialization phase.
# ELAB2: Elaboration final pass...
# ELAB2: Create instances ...
# KERNEL: Time resolution set to 1ns.
# ELAB2: Create instances complete.
# SLP: Started
# SLP: Elaboration phase ...
# SLP: Elaboration phase ... skipped, nothing to simulate in SLP mode : 0.0 [s]
# SLP: Finished : 0.0 [s]
# ELAB2: Elaboration final pass complete - time: 0.1 [s].
# KERNEL: Warning: You are using the Active-HDL Student Edition. The performance of simulation is running at a reduced rate.
# KERNEL: Warning: Contact Aldec for available upgrade options - sales@aldec.com.
# KERNEL: Kernel process initialization done.
# Allocation: Simulator allocated 57068 kB (elbread=427 elab2=56491 kernel=149 sdf=0)
# KERNEL: ASDB file was created in location C:\Users\alber\Downloads\2_TDA_1819\My_Designs\TDA_1819\TDA_1819\src\wave.asdb
#  14:08, jueves, 20 de noviembre de 2025
#  Simulation has been initialized
run
# EXECUTION:: WARNING: El programa 'Assembler/test_pushh_poph.asm' ha sido ensamblado exitosamente
# EXECUTION:: Time: 537 ns,  Iteration: 1,  Instance: /usuario,  Process: Main.
# EXECUTION:: NOTE   : WRITE: addr=32766 size=2
# EXECUTION:: Time: 1975 ns,  Iteration: 4,  Instance: /usuario/UUT/UUT4,  Process: DataMemory.
# EXECUTION:: NOTE   : WRITE: addr=32767 size=2
# EXECUTION:: Time: 1975 ns,  Iteration: 4,  Instance: /usuario/UUT/UUT4,  Process: DataMemory.
# EXECUTION:: NOTE   : WRITE: addr=32764 size=2
# EXECUTION:: Time: 2325 ns,  Iteration: 4,  Instance: /usuario/UUT/UUT4,  Process: DataMemory.
# EXECUTION:: NOTE   : WRITE: addr=32765 size=2
# EXECUTION:: Time: 2325 ns,  Iteration: 4,  Instance: /usuario/UUT/UUT4,  Process: DataMemory.
# EXECUTION:: NOTE   : WRITE: addr=32762 size=2
# EXECUTION:: Time: 2475 ns,  Iteration: 4,  Instance: /usuario/UUT/UUT4,  Process: DataMemory.
# EXECUTION:: NOTE   : WRITE: addr=32763 size=2
# EXECUTION:: Time: 2475 ns,  Iteration: 4,  Instance: /usuario/UUT/UUT4,  Process: DataMemory.
# EXECUTION:: NOTE   : WRITE: addr=32766 size=2
# EXECUTION:: Time: 3475 ns,  Iteration: 4,  Instance: /usuario/UUT/UUT4,  Process: DataMemory.
# EXECUTION:: NOTE   : WRITE: addr=32767 size=2
# EXECUTION:: Time: 3475 ns,  Iteration: 4,  Instance: /usuario/UUT/UUT4,  Process: DataMemory.
# EXECUTION:: WARNING: El programa 'Assembler/test_pushh_poph.asm' ha sido ejecutado exitosamente
# EXECUTION:: Time: 4150 ns,  Iteration: 1,  Instance: /usuario,  Process: Main.
# KERNEL: Simulation has finished. There are no more test vectors to simulate.
# VSIM: 1 object(s) traced.
# Waveform file 'untitled.awc' connected to 'C:/Users/alber/Downloads/2_TDA_1819/My_Designs/TDA_1819/TDA_1819/src/wave.asdb'.
# KERNEL: Warning: KERNEL_0291 Object "/usuario/UUT/UUT4/Memory" has already been traced.
# VSIM: 0 object(s) traced.
# VSIM: 1 object(s) traced.
# VSIM: 10 object(s) traced.
endsim
# VSIM: Simulation has finished.
asim -t ns -O5 +access +r +m+usuario usuario usuario_architecture
# ELBREAD: Elaboration process.
# ELBREAD: Elaboration time 0.0 [s].
# VSIM: Stack memory: 32MB
# VSIM: Retval memory: 32MB
# 
# KERNEL: Main thread initiated.
# KERNEL: Kernel process initialization phase.
# ELAB2: Elaboration final pass...
# ELAB2: Create instances ...
# KERNEL: Time resolution set to 1ns.
# ELAB2: Create instances complete.
# SLP: Started
# SLP: Elaboration phase ...
# SLP: Elaboration phase ... skipped, nothing to simulate in SLP mode : 0.0 [s]
# SLP: Finished : 0.0 [s]
# ELAB2: Elaboration final pass complete - time: 0.1 [s].
# KERNEL: Warning: You are using the Active-HDL Student Edition. The performance of simulation is running at a reduced rate.
# KERNEL: Warning: Contact Aldec for available upgrade options - sales@aldec.com.
# KERNEL: Kernel process initialization done.
# Allocation: Simulator allocated 57068 kB (elbread=427 elab2=56491 kernel=149 sdf=0)
# KERNEL: ASDB file was created in location C:\Users\alber\Downloads\2_TDA_1819\My_Designs\TDA_1819\TDA_1819\src\wave.asdb
#  14:09, jueves, 20 de noviembre de 2025
#  Simulation has been initialized
# Waveform file 'untitled.awc' connected to 'C:/Users/alber/Downloads/2_TDA_1819/My_Designs/TDA_1819/TDA_1819/src/wave.asdb'.
run
# EXECUTION:: WARNING: El programa 'Assembler/test_pushh_poph.asm' ha sido ensamblado exitosamente
# EXECUTION:: Time: 537 ns,  Iteration: 1,  Instance: /usuario,  Process: Main.
# EXECUTION:: NOTE   : WRITE: addr=32766 size=2
# EXECUTION:: Time: 1975 ns,  Iteration: 4,  Instance: /usuario/UUT/UUT4,  Process: DataMemory.
# EXECUTION:: NOTE   : WRITE: addr=32767 size=2
# EXECUTION:: Time: 1975 ns,  Iteration: 4,  Instance: /usuario/UUT/UUT4,  Process: DataMemory.
# EXECUTION:: NOTE   : WRITE: addr=32764 size=2
# EXECUTION:: Time: 2325 ns,  Iteration: 4,  Instance: /usuario/UUT/UUT4,  Process: DataMemory.
# EXECUTION:: NOTE   : WRITE: addr=32765 size=2
# EXECUTION:: Time: 2325 ns,  Iteration: 4,  Instance: /usuario/UUT/UUT4,  Process: DataMemory.
# EXECUTION:: NOTE   : WRITE: addr=32762 size=2
# EXECUTION:: Time: 2475 ns,  Iteration: 4,  Instance: /usuario/UUT/UUT4,  Process: DataMemory.
# EXECUTION:: NOTE   : WRITE: addr=32763 size=2
# EXECUTION:: Time: 2475 ns,  Iteration: 4,  Instance: /usuario/UUT/UUT4,  Process: DataMemory.
# EXECUTION:: NOTE   : WRITE: addr=32766 size=2
# EXECUTION:: Time: 3475 ns,  Iteration: 4,  Instance: /usuario/UUT/UUT4,  Process: DataMemory.
# EXECUTION:: NOTE   : WRITE: addr=32767 size=2
# EXECUTION:: Time: 3475 ns,  Iteration: 4,  Instance: /usuario/UUT/UUT4,  Process: DataMemory.
# EXECUTION:: WARNING: El programa 'Assembler/test_pushh_poph.asm' ha sido ejecutado exitosamente
# EXECUTION:: Time: 4150 ns,  Iteration: 1,  Instance: /usuario,  Process: Main.
# KERNEL: Simulation has finished. There are no more test vectors to simulate.
endsim
# VSIM: Simulation has finished.
asim -t ns -O5 +access +r +m+usuario usuario usuario_architecture
# ELBREAD: Elaboration process.
# ELBREAD: Elaboration time 0.0 [s].
# VSIM: Stack memory: 32MB
# VSIM: Retval memory: 32MB
# 
# KERNEL: Main thread initiated.
# KERNEL: Kernel process initialization phase.
# ELAB2: Elaboration final pass...
# ELAB2: Create instances ...
# KERNEL: Time resolution set to 1ns.
# ELAB2: Create instances complete.
# SLP: Started
# SLP: Elaboration phase ...
# SLP: Elaboration phase ... skipped, nothing to simulate in SLP mode : 0.0 [s]
# SLP: Finished : 0.0 [s]
# ELAB2: Elaboration final pass complete - time: 0.1 [s].
# KERNEL: Warning: You are using the Active-HDL Student Edition. The performance of simulation is running at a reduced rate.
# KERNEL: Warning: Contact Aldec for available upgrade options - sales@aldec.com.
# KERNEL: Kernel process initialization done.
# Allocation: Simulator allocated 57068 kB (elbread=427 elab2=56491 kernel=149 sdf=0)
# KERNEL: ASDB file was created in location C:\Users\alber\Downloads\2_TDA_1819\My_Designs\TDA_1819\TDA_1819\src\wave.asdb
#  14:10, jueves, 20 de noviembre de 2025
#  Simulation has been initialized
# Waveform file 'untitled.awc' connected to 'C:/Users/alber/Downloads/2_TDA_1819/My_Designs/TDA_1819/TDA_1819/src/wave.asdb'.
run
# EXECUTION:: WARNING: El programa 'Assembler/test_pushh_poph.asm' ha sido ensamblado exitosamente
# EXECUTION:: Time: 549 ns,  Iteration: 1,  Instance: /usuario,  Process: Main.
# EXECUTION:: NOTE   : WRITE: addr=32766 size=2
# EXECUTION:: Time: 1975 ns,  Iteration: 4,  Instance: /usuario/UUT/UUT4,  Process: DataMemory.
# EXECUTION:: NOTE   : WRITE: addr=32767 size=2
# EXECUTION:: Time: 1975 ns,  Iteration: 4,  Instance: /usuario/UUT/UUT4,  Process: DataMemory.
# EXECUTION:: NOTE   : WRITE: addr=32764 size=2
# EXECUTION:: Time: 2425 ns,  Iteration: 4,  Instance: /usuario/UUT/UUT4,  Process: DataMemory.
# EXECUTION:: NOTE   : WRITE: addr=32765 size=2
# EXECUTION:: Time: 2425 ns,  Iteration: 4,  Instance: /usuario/UUT/UUT4,  Process: DataMemory.
# EXECUTION:: NOTE   : WRITE: addr=32762 size=2
# EXECUTION:: Time: 2575 ns,  Iteration: 4,  Instance: /usuario/UUT/UUT4,  Process: DataMemory.
# EXECUTION:: NOTE   : WRITE: addr=32763 size=2
# EXECUTION:: Time: 2575 ns,  Iteration: 4,  Instance: /usuario/UUT/UUT4,  Process: DataMemory.
# EXECUTION:: NOTE   : WRITE: addr=32766 size=2
# EXECUTION:: Time: 3575 ns,  Iteration: 4,  Instance: /usuario/UUT/UUT4,  Process: DataMemory.
# EXECUTION:: NOTE   : WRITE: addr=32767 size=2
# EXECUTION:: Time: 3575 ns,  Iteration: 4,  Instance: /usuario/UUT/UUT4,  Process: DataMemory.
# EXECUTION:: WARNING: El programa 'Assembler/test_pushh_poph.asm' ha sido ejecutado exitosamente
# EXECUTION:: Time: 4250 ns,  Iteration: 1,  Instance: /usuario,  Process: Main.
# KERNEL: Simulation has finished. There are no more test vectors to simulate.
endsim
# VSIM: Simulation has finished.
asim -t ns -O5 +access +r +m+usuario usuario usuario_architecture
# ELBREAD: Elaboration process.
# ELBREAD: Elaboration time 0.0 [s].
# VSIM: Stack memory: 32MB
# VSIM: Retval memory: 32MB
# 
# KERNEL: Main thread initiated.
# KERNEL: Kernel process initialization phase.
# ELAB2: Elaboration final pass...
# ELAB2: Create instances ...
# KERNEL: Time resolution set to 1ns.
# ELAB2: Create instances complete.
# SLP: Started
# SLP: Elaboration phase ...
# SLP: Elaboration phase ... skipped, nothing to simulate in SLP mode : 0.0 [s]
# SLP: Finished : 0.0 [s]
# ELAB2: Elaboration final pass complete - time: 0.1 [s].
# KERNEL: Warning: You are using the Active-HDL Student Edition. The performance of simulation is running at a reduced rate.
# KERNEL: Warning: Contact Aldec for available upgrade options - sales@aldec.com.
# KERNEL: Kernel process initialization done.
# Allocation: Simulator allocated 57068 kB (elbread=427 elab2=56491 kernel=149 sdf=0)
# KERNEL: ASDB file was created in location C:\Users\alber\Downloads\2_TDA_1819\My_Designs\TDA_1819\TDA_1819\src\wave.asdb
#  14:11, jueves, 20 de noviembre de 2025
#  Simulation has been initialized
# Waveform file 'untitled.awc' connected to 'C:/Users/alber/Downloads/2_TDA_1819/My_Designs/TDA_1819/TDA_1819/src/wave.asdb'.
run
# EXECUTION:: WARNING: El programa 'Assembler/test_pushh_poph.asm' ha sido ensamblado exitosamente
# EXECUTION:: Time: 579 ns,  Iteration: 1,  Instance: /usuario,  Process: Main.
# EXECUTION:: NOTE   : WRITE: addr=32766 size=2
# EXECUTION:: Time: 2025 ns,  Iteration: 4,  Instance: /usuario/UUT/UUT4,  Process: DataMemory.
# EXECUTION:: NOTE   : WRITE: addr=32767 size=2
# EXECUTION:: Time: 2025 ns,  Iteration: 4,  Instance: /usuario/UUT/UUT4,  Process: DataMemory.
# EXECUTION:: NOTE   : WRITE: addr=32764 size=2
# EXECUTION:: Time: 2475 ns,  Iteration: 4,  Instance: /usuario/UUT/UUT4,  Process: DataMemory.
# EXECUTION:: NOTE   : WRITE: addr=32765 size=2
# EXECUTION:: Time: 2475 ns,  Iteration: 4,  Instance: /usuario/UUT/UUT4,  Process: DataMemory.
# EXECUTION:: NOTE   : WRITE: addr=32762 size=2
# EXECUTION:: Time: 2675 ns,  Iteration: 4,  Instance: /usuario/UUT/UUT4,  Process: DataMemory.
# EXECUTION:: NOTE   : WRITE: addr=32763 size=2
# EXECUTION:: Time: 2675 ns,  Iteration: 4,  Instance: /usuario/UUT/UUT4,  Process: DataMemory.
# EXECUTION:: NOTE   : WRITE: addr=32766 size=2
# EXECUTION:: Time: 3675 ns,  Iteration: 4,  Instance: /usuario/UUT/UUT4,  Process: DataMemory.
# EXECUTION:: NOTE   : WRITE: addr=32767 size=2
# EXECUTION:: Time: 3675 ns,  Iteration: 4,  Instance: /usuario/UUT/UUT4,  Process: DataMemory.
# EXECUTION:: WARNING: El programa 'Assembler/test_pushh_poph.asm' ha sido ejecutado exitosamente
# EXECUTION:: Time: 4450 ns,  Iteration: 1,  Instance: /usuario,  Process: Main.
# KERNEL: Simulation has finished. There are no more test vectors to simulate.
# VSIM: 1 object(s) traced.
endsim
# VSIM: Simulation has finished.
asim -t ns -O5 +access +r +m+usuario usuario usuario_architecture
# ELBREAD: Elaboration process.
# ELBREAD: Elaboration time 0.0 [s].
# VSIM: Stack memory: 32MB
# VSIM: Retval memory: 32MB
# 
# KERNEL: Main thread initiated.
# KERNEL: Kernel process initialization phase.
# ELAB2: Elaboration final pass...
# ELAB2: Create instances ...
# KERNEL: Time resolution set to 1ns.
# ELAB2: Create instances complete.
# SLP: Started
# SLP: Elaboration phase ...
# SLP: Elaboration phase ... skipped, nothing to simulate in SLP mode : 0.0 [s]
# SLP: Finished : 0.0 [s]
# ELAB2: Elaboration final pass complete - time: 0.1 [s].
# KERNEL: Warning: You are using the Active-HDL Student Edition. The performance of simulation is running at a reduced rate.
# KERNEL: Warning: Contact Aldec for available upgrade options - sales@aldec.com.
# KERNEL: Kernel process initialization done.
# Allocation: Simulator allocated 57068 kB (elbread=427 elab2=56491 kernel=149 sdf=0)
# KERNEL: ASDB file was created in location C:\Users\alber\Downloads\2_TDA_1819\My_Designs\TDA_1819\TDA_1819\src\wave.asdb
#  14:12, jueves, 20 de noviembre de 2025
#  Simulation has been initialized
# Waveform file 'untitled.awc' connected to 'C:/Users/alber/Downloads/2_TDA_1819/My_Designs/TDA_1819/TDA_1819/src/wave.asdb'.
run
# EXECUTION:: WARNING: El programa 'Assembler/test_pushh_poph.asm' ha sido ensamblado exitosamente
# EXECUTION:: Time: 579 ns,  Iteration: 1,  Instance: /usuario,  Process: Main.
# EXECUTION:: NOTE   : WRITE: addr=32766 size=2
# EXECUTION:: Time: 2025 ns,  Iteration: 4,  Instance: /usuario/UUT/UUT4,  Process: DataMemory.
# EXECUTION:: NOTE   : WRITE: addr=32767 size=2
# EXECUTION:: Time: 2025 ns,  Iteration: 4,  Instance: /usuario/UUT/UUT4,  Process: DataMemory.
# EXECUTION:: NOTE   : WRITE: addr=32764 size=2
# EXECUTION:: Time: 2475 ns,  Iteration: 4,  Instance: /usuario/UUT/UUT4,  Process: DataMemory.
# EXECUTION:: NOTE   : WRITE: addr=32765 size=2
# EXECUTION:: Time: 2475 ns,  Iteration: 4,  Instance: /usuario/UUT/UUT4,  Process: DataMemory.
# EXECUTION:: NOTE   : WRITE: addr=32762 size=2
# EXECUTION:: Time: 2675 ns,  Iteration: 4,  Instance: /usuario/UUT/UUT4,  Process: DataMemory.
# EXECUTION:: NOTE   : WRITE: addr=32763 size=2
# EXECUTION:: Time: 2675 ns,  Iteration: 4,  Instance: /usuario/UUT/UUT4,  Process: DataMemory.
# EXECUTION:: NOTE   : WRITE: addr=32766 size=2
# EXECUTION:: Time: 3675 ns,  Iteration: 4,  Instance: /usuario/UUT/UUT4,  Process: DataMemory.
# EXECUTION:: NOTE   : WRITE: addr=32767 size=2
# EXECUTION:: Time: 3675 ns,  Iteration: 4,  Instance: /usuario/UUT/UUT4,  Process: DataMemory.
# EXECUTION:: WARNING: El programa 'Assembler/test_pushh_poph.asm' ha sido ejecutado exitosamente
# EXECUTION:: Time: 4450 ns,  Iteration: 1,  Instance: /usuario,  Process: Main.
# KERNEL: Simulation has finished. There are no more test vectors to simulate.
# add wave -noreg {/usuario/UUT/UUT4/Data_Memory}
# VSIM: 1 object(s) traced.
# VSIM: 8 object(s) traced.
# VSIM: 22 object(s) traced.
endsim
# VSIM: Simulation has finished.
asim -t ns -O5 +access +r +m+usuario usuario usuario_architecture
# ELBREAD: Elaboration process.
# ELBREAD: Elaboration time 0.1 [s].
# VSIM: Stack memory: 32MB
# VSIM: Retval memory: 32MB
# 
# KERNEL: Main thread initiated.
# KERNEL: Kernel process initialization phase.
# ELAB2: Elaboration final pass...
# ELAB2: Create instances ...
# KERNEL: Time resolution set to 1ns.
# ELAB2: Create instances complete.
# SLP: Started
# SLP: Elaboration phase ...
# SLP: Elaboration phase ... skipped, nothing to simulate in SLP mode : 0.0 [s]
# SLP: Finished : 0.0 [s]
# ELAB2: Elaboration final pass complete - time: 0.2 [s].
# KERNEL: Warning: You are using the Active-HDL Student Edition. The performance of simulation is running at a reduced rate.
# KERNEL: Warning: Contact Aldec for available upgrade options - sales@aldec.com.
# KERNEL: Kernel process initialization done.
# Allocation: Simulator allocated 57068 kB (elbread=427 elab2=56491 kernel=149 sdf=0)
# KERNEL: ASDB file was created in location C:\Users\alber\Downloads\2_TDA_1819\My_Designs\TDA_1819\TDA_1819\src\wave.asdb
#  14:26, jueves, 20 de noviembre de 2025
#  Simulation has been initialized
# Waveform file 'untitled.awc' connected to 'C:/Users/alber/Downloads/2_TDA_1819/My_Designs/TDA_1819/TDA_1819/src/wave.asdb'.
run
# EXECUTION:: WARNING: El programa 'Assembler/test_pushh_poph.asm' ha sido ensamblado exitosamente
# EXECUTION:: Time: 579 ns,  Iteration: 1,  Instance: /usuario,  Process: Main.
# EXECUTION:: NOTE   : WRITE: addr=32766 size=2
# EXECUTION:: Time: 2025 ns,  Iteration: 4,  Instance: /usuario/UUT/UUT4,  Process: DataMemory.
# EXECUTION:: NOTE   : WRITE: addr=32767 size=2
# EXECUTION:: Time: 2025 ns,  Iteration: 4,  Instance: /usuario/UUT/UUT4,  Process: DataMemory.
# EXECUTION:: NOTE   : WRITE: addr=32764 size=2
# EXECUTION:: Time: 2475 ns,  Iteration: 4,  Instance: /usuario/UUT/UUT4,  Process: DataMemory.
# EXECUTION:: NOTE   : WRITE: addr=32765 size=2
# EXECUTION:: Time: 2475 ns,  Iteration: 4,  Instance: /usuario/UUT/UUT4,  Process: DataMemory.
# EXECUTION:: NOTE   : WRITE: addr=32762 size=2
# EXECUTION:: Time: 2675 ns,  Iteration: 4,  Instance: /usuario/UUT/UUT4,  Process: DataMemory.
# EXECUTION:: NOTE   : WRITE: addr=32763 size=2
# EXECUTION:: Time: 2675 ns,  Iteration: 4,  Instance: /usuario/UUT/UUT4,  Process: DataMemory.
# EXECUTION:: NOTE   : WRITE: addr=32766 size=2
# EXECUTION:: Time: 3675 ns,  Iteration: 4,  Instance: /usuario/UUT/UUT4,  Process: DataMemory.
# EXECUTION:: NOTE   : WRITE: addr=32767 size=2
# EXECUTION:: Time: 3675 ns,  Iteration: 4,  Instance: /usuario/UUT/UUT4,  Process: DataMemory.
# EXECUTION:: WARNING: El programa 'Assembler/test_pushh_poph.asm' ha sido ejecutado exitosamente
# EXECUTION:: Time: 4450 ns,  Iteration: 1,  Instance: /usuario,  Process: Main.
# KERNEL: Simulation has finished. There are no more test vectors to simulate.
endsim
# VSIM: Simulation has finished.
# Warning: WAVEFORM: Object matching /usuario/UUT/UUT2/UUT6/CLK not found in C:/Users/alber/Downloads/2_TDA_1819/My_Designs/TDA_1819/TDA_1819/src/wave.asdb.
asim -t ns -O5 +access +r +m+usuario usuario usuario_architecture
# ELBREAD: Elaboration process.
# ELBREAD: Elaboration time 0.0 [s].
# VSIM: Stack memory: 32MB
# VSIM: Retval memory: 32MB
# 
# KERNEL: Main thread initiated.
# KERNEL: Kernel process initialization phase.
# ELAB2: Elaboration final pass...
# ELAB2: Create instances ...
# KERNEL: Time resolution set to 1ns.
# ELAB2: Create instances complete.
# SLP: Started
# SLP: Elaboration phase ...
# SLP: Elaboration phase ... skipped, nothing to simulate in SLP mode : 0.0 [s]
# SLP: Finished : 0.0 [s]
# ELAB2: Elaboration final pass complete - time: 0.1 [s].
# KERNEL: Warning: You are using the Active-HDL Student Edition. The performance of simulation is running at a reduced rate.
# KERNEL: Warning: Contact Aldec for available upgrade options - sales@aldec.com.
# KERNEL: Kernel process initialization done.
# Allocation: Simulator allocated 57068 kB (elbread=427 elab2=56491 kernel=149 sdf=0)
# KERNEL: ASDB file was created in location C:\Users\alber\Downloads\2_TDA_1819\My_Designs\TDA_1819\TDA_1819\src\wave.asdb
#  14:50, jueves, 20 de noviembre de 2025
#  Simulation has been initialized
# Waveform file 'untitled.awc' connected to 'C:/Users/alber/Downloads/2_TDA_1819/My_Designs/TDA_1819/TDA_1819/src/wave.asdb'.
run
# EXECUTION:: WARNING: El programa 'Assembler/test_pushh_poph.asm' ha sido ensamblado exitosamente
# EXECUTION:: Time: 579 ns,  Iteration: 1,  Instance: /usuario,  Process: Main.
# EXECUTION:: NOTE   : WRITE: addr=32766 size=2
# EXECUTION:: Time: 2075 ns,  Iteration: 4,  Instance: /usuario/UUT/UUT4,  Process: DataMemory.
# EXECUTION:: NOTE   : WRITE: addr=32767 size=2
# EXECUTION:: Time: 2075 ns,  Iteration: 4,  Instance: /usuario/UUT/UUT4,  Process: DataMemory.
# EXECUTION:: NOTE   : WRITE: addr=32764 size=2
# EXECUTION:: Time: 2525 ns,  Iteration: 4,  Instance: /usuario/UUT/UUT4,  Process: DataMemory.
# EXECUTION:: NOTE   : WRITE: addr=32765 size=2
# EXECUTION:: Time: 2525 ns,  Iteration: 4,  Instance: /usuario/UUT/UUT4,  Process: DataMemory.
# EXECUTION:: NOTE   : WRITE: addr=32762 size=2
# EXECUTION:: Time: 2725 ns,  Iteration: 4,  Instance: /usuario/UUT/UUT4,  Process: DataMemory.
# EXECUTION:: NOTE   : WRITE: addr=32763 size=2
# EXECUTION:: Time: 2725 ns,  Iteration: 4,  Instance: /usuario/UUT/UUT4,  Process: DataMemory.
# EXECUTION:: NOTE   : WRITE: addr=32766 size=2
# EXECUTION:: Time: 3725 ns,  Iteration: 4,  Instance: /usuario/UUT/UUT4,  Process: DataMemory.
# EXECUTION:: NOTE   : WRITE: addr=32767 size=2
# EXECUTION:: Time: 3725 ns,  Iteration: 4,  Instance: /usuario/UUT/UUT4,  Process: DataMemory.
# EXECUTION:: WARNING: El programa 'Assembler/test_pushh_poph.asm' ha sido ejecutado exitosamente
# EXECUTION:: Time: 4500 ns,  Iteration: 1,  Instance: /usuario,  Process: Main.
# KERNEL: Simulation has finished. There are no more test vectors to simulate.
endsim
# VSIM: Simulation has finished.
asim -t ns -O5 +access +r +m+usuario usuario usuario_architecture
# ELBREAD: Elaboration process.
# ELBREAD: Elaboration time 0.0 [s].
# VSIM: Stack memory: 32MB
# VSIM: Retval memory: 32MB
# 
# KERNEL: Main thread initiated.
# KERNEL: Kernel process initialization phase.
# ELAB2: Elaboration final pass...
# ELAB2: Create instances ...
# KERNEL: Time resolution set to 1ns.
# ELAB2: Create instances complete.
# SLP: Started
# SLP: Elaboration phase ...
# SLP: Elaboration phase ... skipped, nothing to simulate in SLP mode : 0.0 [s]
# SLP: Finished : 0.0 [s]
# ELAB2: Elaboration final pass complete - time: 0.1 [s].
# KERNEL: Warning: You are using the Active-HDL Student Edition. The performance of simulation is running at a reduced rate.
# KERNEL: Warning: Contact Aldec for available upgrade options - sales@aldec.com.
# KERNEL: Kernel process initialization done.
# Allocation: Simulator allocated 57068 kB (elbread=427 elab2=56491 kernel=149 sdf=0)
# KERNEL: ASDB file was created in location C:\Users\alber\Downloads\2_TDA_1819\My_Designs\TDA_1819\TDA_1819\src\wave.asdb
#  14:51, jueves, 20 de noviembre de 2025
#  Simulation has been initialized
# Waveform file 'untitled.awc' connected to 'C:/Users/alber/Downloads/2_TDA_1819/My_Designs/TDA_1819/TDA_1819/src/wave.asdb'.
run
# EXECUTION:: WARNING: El programa 'Assembler/test_pushh_poph.asm' ha sido ensamblado exitosamente
# EXECUTION:: Time: 579 ns,  Iteration: 1,  Instance: /usuario,  Process: Main.
# EXECUTION:: NOTE   : WRITE: addr=32766 size=2
# EXECUTION:: Time: 2075 ns,  Iteration: 4,  Instance: /usuario/UUT/UUT4,  Process: DataMemory.
# EXECUTION:: NOTE   : WRITE: addr=32767 size=2
# EXECUTION:: Time: 2075 ns,  Iteration: 4,  Instance: /usuario/UUT/UUT4,  Process: DataMemory.
# EXECUTION:: NOTE   : WRITE: addr=32764 size=2
# EXECUTION:: Time: 2525 ns,  Iteration: 4,  Instance: /usuario/UUT/UUT4,  Process: DataMemory.
# EXECUTION:: NOTE   : WRITE: addr=32765 size=2
# EXECUTION:: Time: 2525 ns,  Iteration: 4,  Instance: /usuario/UUT/UUT4,  Process: DataMemory.
# EXECUTION:: NOTE   : WRITE: addr=32762 size=2
# EXECUTION:: Time: 2725 ns,  Iteration: 4,  Instance: /usuario/UUT/UUT4,  Process: DataMemory.
# EXECUTION:: NOTE   : WRITE: addr=32763 size=2
# EXECUTION:: Time: 2725 ns,  Iteration: 4,  Instance: /usuario/UUT/UUT4,  Process: DataMemory.
# EXECUTION:: NOTE   : WRITE: addr=32766 size=2
# EXECUTION:: Time: 3725 ns,  Iteration: 4,  Instance: /usuario/UUT/UUT4,  Process: DataMemory.
# EXECUTION:: NOTE   : WRITE: addr=32767 size=2
# EXECUTION:: Time: 3725 ns,  Iteration: 4,  Instance: /usuario/UUT/UUT4,  Process: DataMemory.
# EXECUTION:: WARNING: El programa 'Assembler/test_pushh_poph.asm' ha sido ejecutado exitosamente
# EXECUTION:: Time: 4500 ns,  Iteration: 1,  Instance: /usuario,  Process: Main.
# KERNEL: Simulation has finished. There are no more test vectors to simulate.
endsim
# VSIM: Simulation has finished.
asim -t ns -O5 +access +r +m+usuario usuario usuario_architecture
# ELBREAD: Elaboration process.
# ELBREAD: Elaboration time 0.0 [s].
# VSIM: Stack memory: 32MB
# VSIM: Retval memory: 32MB
# 
# KERNEL: Main thread initiated.
# KERNEL: Kernel process initialization phase.
# ELAB2: Elaboration final pass...
# ELAB2: Create instances ...
# KERNEL: Time resolution set to 1ns.
# ELAB2: Create instances complete.
# SLP: Started
# SLP: Elaboration phase ...
# SLP: Elaboration phase ... skipped, nothing to simulate in SLP mode : 0.0 [s]
# SLP: Finished : 0.0 [s]
# ELAB2: Elaboration final pass complete - time: 0.1 [s].
# KERNEL: Warning: You are using the Active-HDL Student Edition. The performance of simulation is running at a reduced rate.
# KERNEL: Warning: Contact Aldec for available upgrade options - sales@aldec.com.
# KERNEL: Kernel process initialization done.
# Allocation: Simulator allocated 57068 kB (elbread=427 elab2=56491 kernel=149 sdf=0)
# KERNEL: ASDB file was created in location C:\Users\alber\Downloads\2_TDA_1819\My_Designs\TDA_1819\TDA_1819\src\wave.asdb
#  14:51, jueves, 20 de noviembre de 2025
#  Simulation has been initialized
# Waveform file 'untitled.awc' connected to 'C:/Users/alber/Downloads/2_TDA_1819/My_Designs/TDA_1819/TDA_1819/src/wave.asdb'.
run
# EXECUTION:: WARNING: El programa 'Assembler/test_pushh_poph.asm' ha sido ensamblado exitosamente
# EXECUTION:: Time: 579 ns,  Iteration: 1,  Instance: /usuario,  Process: Main.
# EXECUTION:: NOTE   : WRITE: addr=32766 size=2
# EXECUTION:: Time: 2025 ns,  Iteration: 4,  Instance: /usuario/UUT/UUT4,  Process: DataMemory.
# EXECUTION:: NOTE   : WRITE: addr=32767 size=2
# EXECUTION:: Time: 2025 ns,  Iteration: 4,  Instance: /usuario/UUT/UUT4,  Process: DataMemory.
# EXECUTION:: NOTE   : WRITE: addr=32764 size=2
# EXECUTION:: Time: 2475 ns,  Iteration: 4,  Instance: /usuario/UUT/UUT4,  Process: DataMemory.
# EXECUTION:: NOTE   : WRITE: addr=32765 size=2
# EXECUTION:: Time: 2475 ns,  Iteration: 4,  Instance: /usuario/UUT/UUT4,  Process: DataMemory.
# EXECUTION:: NOTE   : WRITE: addr=32762 size=2
# EXECUTION:: Time: 2675 ns,  Iteration: 4,  Instance: /usuario/UUT/UUT4,  Process: DataMemory.
# EXECUTION:: NOTE   : WRITE: addr=32763 size=2
# EXECUTION:: Time: 2675 ns,  Iteration: 4,  Instance: /usuario/UUT/UUT4,  Process: DataMemory.
# EXECUTION:: NOTE   : WRITE: addr=32766 size=2
# EXECUTION:: Time: 3675 ns,  Iteration: 4,  Instance: /usuario/UUT/UUT4,  Process: DataMemory.
# EXECUTION:: NOTE   : WRITE: addr=32767 size=2
# EXECUTION:: Time: 3675 ns,  Iteration: 4,  Instance: /usuario/UUT/UUT4,  Process: DataMemory.
# EXECUTION:: WARNING: El programa 'Assembler/test_pushh_poph.asm' ha sido ejecutado exitosamente
# EXECUTION:: Time: 4450 ns,  Iteration: 1,  Instance: /usuario,  Process: Main.
# KERNEL: Simulation has finished. There are no more test vectors to simulate.
endsim
# VSIM: Simulation has finished.
asim -t ns -O5 +access +r +m+usuario usuario usuario_architecture
# ELBREAD: Elaboration process.
# ELBREAD: Elaboration time 0.0 [s].
# VSIM: Stack memory: 32MB
# VSIM: Retval memory: 32MB
# 
# KERNEL: Main thread initiated.
# KERNEL: Kernel process initialization phase.
# ELAB2: Elaboration final pass...
# ELAB2: Create instances ...
# KERNEL: Time resolution set to 1ns.
# ELAB2: Create instances complete.
# SLP: Started
# SLP: Elaboration phase ...
# SLP: Elaboration phase ... skipped, nothing to simulate in SLP mode : 0.0 [s]
# SLP: Finished : 0.0 [s]
# ELAB2: Elaboration final pass complete - time: 0.1 [s].
# KERNEL: Warning: You are using the Active-HDL Student Edition. The performance of simulation is running at a reduced rate.
# KERNEL: Warning: Contact Aldec for available upgrade options - sales@aldec.com.
# KERNEL: Kernel process initialization done.
# Allocation: Simulator allocated 57068 kB (elbread=427 elab2=56491 kernel=149 sdf=0)
# KERNEL: ASDB file was created in location C:\Users\alber\Downloads\2_TDA_1819\My_Designs\TDA_1819\TDA_1819\src\wave.asdb
#  14:58, jueves, 20 de noviembre de 2025
#  Simulation has been initialized
# Waveform file 'untitled.awc' connected to 'C:/Users/alber/Downloads/2_TDA_1819/My_Designs/TDA_1819/TDA_1819/src/wave.asdb'.
run
# EXECUTION:: WARNING: El programa 'Assembler/test_pushh_poph.asm' ha sido ensamblado exitosamente
# EXECUTION:: Time: 591 ns,  Iteration: 1,  Instance: /usuario,  Process: Main.
# EXECUTION:: NOTE   : WRITE: addr=32766 size=2
# EXECUTION:: Time: 2025 ns,  Iteration: 4,  Instance: /usuario/UUT/UUT4,  Process: DataMemory.
# EXECUTION:: NOTE   : WRITE: addr=32767 size=2
# EXECUTION:: Time: 2025 ns,  Iteration: 4,  Instance: /usuario/UUT/UUT4,  Process: DataMemory.
# EXECUTION:: NOTE   : WRITE: addr=32764 size=2
# EXECUTION:: Time: 2475 ns,  Iteration: 4,  Instance: /usuario/UUT/UUT4,  Process: DataMemory.
# EXECUTION:: NOTE   : WRITE: addr=32765 size=2
# EXECUTION:: Time: 2475 ns,  Iteration: 4,  Instance: /usuario/UUT/UUT4,  Process: DataMemory.
# EXECUTION:: NOTE   : WRITE: addr=32762 size=2
# EXECUTION:: Time: 2675 ns,  Iteration: 4,  Instance: /usuario/UUT/UUT4,  Process: DataMemory.
# EXECUTION:: NOTE   : WRITE: addr=32763 size=2
# EXECUTION:: Time: 2675 ns,  Iteration: 4,  Instance: /usuario/UUT/UUT4,  Process: DataMemory.
# EXECUTION:: NOTE   : WRITE: addr=32766 size=2
# EXECUTION:: Time: 3775 ns,  Iteration: 4,  Instance: /usuario/UUT/UUT4,  Process: DataMemory.
# EXECUTION:: NOTE   : WRITE: addr=32767 size=2
# EXECUTION:: Time: 3775 ns,  Iteration: 4,  Instance: /usuario/UUT/UUT4,  Process: DataMemory.
# EXECUTION:: WARNING: El programa 'Assembler/test_pushh_poph.asm' ha sido ejecutado exitosamente
# EXECUTION:: Time: 4550 ns,  Iteration: 1,  Instance: /usuario,  Process: Main.
# KERNEL: Simulation has finished. There are no more test vectors to simulate.
endsim
# VSIM: Simulation has finished.
asim -t ns -O5 +access +r +m+usuario usuario usuario_architecture
# ELBREAD: Elaboration process.
# ELBREAD: Elaboration time 0.0 [s].
# VSIM: Stack memory: 32MB
# VSIM: Retval memory: 32MB
# 
# KERNEL: Main thread initiated.
# KERNEL: Kernel process initialization phase.
# ELAB2: Elaboration final pass...
# ELAB2: Create instances ...
# KERNEL: Time resolution set to 1ns.
# ELAB2: Create instances complete.
# SLP: Started
# SLP: Elaboration phase ...
# SLP: Elaboration phase ... skipped, nothing to simulate in SLP mode : 0.0 [s]
# SLP: Finished : 0.0 [s]
# ELAB2: Elaboration final pass complete - time: 0.1 [s].
# KERNEL: Warning: You are using the Active-HDL Student Edition. The performance of simulation is running at a reduced rate.
# KERNEL: Warning: Contact Aldec for available upgrade options - sales@aldec.com.
# KERNEL: Kernel process initialization done.
# Allocation: Simulator allocated 57068 kB (elbread=427 elab2=56491 kernel=149 sdf=0)
# KERNEL: ASDB file was created in location C:\Users\alber\Downloads\2_TDA_1819\My_Designs\TDA_1819\TDA_1819\src\wave.asdb
#  14:59, jueves, 20 de noviembre de 2025
#  Simulation has been initialized
# Waveform file 'untitled.awc' connected to 'C:/Users/alber/Downloads/2_TDA_1819/My_Designs/TDA_1819/TDA_1819/src/wave.asdb'.
run
# EXECUTION:: WARNING: El programa 'Assembler/test_pushh_poph.asm' ha sido ensamblado exitosamente
# EXECUTION:: Time: 597 ns,  Iteration: 1,  Instance: /usuario,  Process: Main.
# EXECUTION:: NOTE   : WRITE: addr=32766 size=2
# EXECUTION:: Time: 2025 ns,  Iteration: 4,  Instance: /usuario/UUT/UUT4,  Process: DataMemory.
# EXECUTION:: NOTE   : WRITE: addr=32767 size=2
# EXECUTION:: Time: 2025 ns,  Iteration: 4,  Instance: /usuario/UUT/UUT4,  Process: DataMemory.
# EXECUTION:: NOTE   : WRITE: addr=32764 size=2
# EXECUTION:: Time: 2475 ns,  Iteration: 4,  Instance: /usuario/UUT/UUT4,  Process: DataMemory.
# EXECUTION:: NOTE   : WRITE: addr=32765 size=2
# EXECUTION:: Time: 2475 ns,  Iteration: 4,  Instance: /usuario/UUT/UUT4,  Process: DataMemory.
# EXECUTION:: NOTE   : WRITE: addr=32762 size=2
# EXECUTION:: Time: 2675 ns,  Iteration: 4,  Instance: /usuario/UUT/UUT4,  Process: DataMemory.
# EXECUTION:: NOTE   : WRITE: addr=32763 size=2
# EXECUTION:: Time: 2675 ns,  Iteration: 4,  Instance: /usuario/UUT/UUT4,  Process: DataMemory.
# EXECUTION:: NOTE   : WRITE: addr=32766 size=2
# EXECUTION:: Time: 3825 ns,  Iteration: 4,  Instance: /usuario/UUT/UUT4,  Process: DataMemory.
# EXECUTION:: NOTE   : WRITE: addr=32767 size=2
# EXECUTION:: Time: 3825 ns,  Iteration: 4,  Instance: /usuario/UUT/UUT4,  Process: DataMemory.
# EXECUTION:: WARNING: El programa 'Assembler/test_pushh_poph.asm' ha sido ejecutado exitosamente
# EXECUTION:: Time: 4600 ns,  Iteration: 1,  Instance: /usuario,  Process: Main.
# KERNEL: Simulation has finished. There are no more test vectors to simulate.
endsim
# VSIM: Simulation has finished.
asim -t ns -O5 +access +r +m+usuario usuario usuario_architecture
# ELBREAD: Elaboration process.
# ELBREAD: Elaboration time 0.0 [s].
# VSIM: Stack memory: 32MB
# VSIM: Retval memory: 32MB
# 
# KERNEL: Main thread initiated.
# KERNEL: Kernel process initialization phase.
# ELAB2: Elaboration final pass...
# ELAB2: Create instances ...
# KERNEL: Time resolution set to 1ns.
# ELAB2: Create instances complete.
# SLP: Started
# SLP: Elaboration phase ...
# SLP: Elaboration phase ... skipped, nothing to simulate in SLP mode : 0.0 [s]
# SLP: Finished : 0.0 [s]
# ELAB2: Elaboration final pass complete - time: 0.1 [s].
# KERNEL: Warning: You are using the Active-HDL Student Edition. The performance of simulation is running at a reduced rate.
# KERNEL: Warning: Contact Aldec for available upgrade options - sales@aldec.com.
# KERNEL: Kernel process initialization done.
# Allocation: Simulator allocated 57068 kB (elbread=427 elab2=56491 kernel=149 sdf=0)
# KERNEL: ASDB file was created in location C:\Users\alber\Downloads\2_TDA_1819\My_Designs\TDA_1819\TDA_1819\src\wave.asdb
#  15:02, jueves, 20 de noviembre de 2025
#  Simulation has been initialized
# Waveform file 'untitled.awc' connected to 'C:/Users/alber/Downloads/2_TDA_1819/My_Designs/TDA_1819/TDA_1819/src/wave.asdb'.
run
# EXECUTION:: WARNING: El programa 'Assembler/test_pushh_poph.asm' ha sido ensamblado exitosamente
# EXECUTION:: Time: 597 ns,  Iteration: 1,  Instance: /usuario,  Process: Main.
# EXECUTION:: NOTE   : WRITE: addr=32766 size=2
# EXECUTION:: Time: 2075 ns,  Iteration: 4,  Instance: /usuario/UUT/UUT4,  Process: DataMemory.
# EXECUTION:: NOTE   : WRITE: addr=32767 size=2
# EXECUTION:: Time: 2075 ns,  Iteration: 4,  Instance: /usuario/UUT/UUT4,  Process: DataMemory.
# EXECUTION:: NOTE   : WRITE: addr=32764 size=2
# EXECUTION:: Time: 2525 ns,  Iteration: 4,  Instance: /usuario/UUT/UUT4,  Process: DataMemory.
# EXECUTION:: NOTE   : WRITE: addr=32765 size=2
# EXECUTION:: Time: 2525 ns,  Iteration: 4,  Instance: /usuario/UUT/UUT4,  Process: DataMemory.
# EXECUTION:: NOTE   : WRITE: addr=32762 size=2
# EXECUTION:: Time: 2725 ns,  Iteration: 4,  Instance: /usuario/UUT/UUT4,  Process: DataMemory.
# EXECUTION:: NOTE   : WRITE: addr=32763 size=2
# EXECUTION:: Time: 2725 ns,  Iteration: 4,  Instance: /usuario/UUT/UUT4,  Process: DataMemory.
# EXECUTION:: NOTE   : WRITE: addr=32766 size=2
# EXECUTION:: Time: 3875 ns,  Iteration: 4,  Instance: /usuario/UUT/UUT4,  Process: DataMemory.
# EXECUTION:: NOTE   : WRITE: addr=32767 size=2
# EXECUTION:: Time: 3875 ns,  Iteration: 4,  Instance: /usuario/UUT/UUT4,  Process: DataMemory.
# EXECUTION:: WARNING: El programa 'Assembler/test_pushh_poph.asm' ha sido ejecutado exitosamente
# EXECUTION:: Time: 4650 ns,  Iteration: 1,  Instance: /usuario,  Process: Main.
# KERNEL: Simulation has finished. There are no more test vectors to simulate.
endsim
# VSIM: Simulation has finished.
asim -t ns -O5 +access +r +m+usuario usuario usuario_architecture
# ELBREAD: Elaboration process.
# ELBREAD: Elaboration time 0.0 [s].
# VSIM: Stack memory: 32MB
# VSIM: Retval memory: 32MB
# 
# KERNEL: Main thread initiated.
# KERNEL: Kernel process initialization phase.
# ELAB2: Elaboration final pass...
# ELAB2: Create instances ...
# KERNEL: Time resolution set to 1ns.
# ELAB2: Create instances complete.
# SLP: Started
# SLP: Elaboration phase ...
# SLP: Elaboration phase ... skipped, nothing to simulate in SLP mode : 0.0 [s]
# SLP: Finished : 0.0 [s]
# ELAB2: Elaboration final pass complete - time: 0.1 [s].
# KERNEL: Warning: You are using the Active-HDL Student Edition. The performance of simulation is running at a reduced rate.
# KERNEL: Warning: Contact Aldec for available upgrade options - sales@aldec.com.
# KERNEL: Kernel process initialization done.
# Allocation: Simulator allocated 57068 kB (elbread=427 elab2=56491 kernel=149 sdf=0)
# KERNEL: ASDB file was created in location C:\Users\alber\Downloads\2_TDA_1819\My_Designs\TDA_1819\TDA_1819\src\wave.asdb
#  15:06, jueves, 20 de noviembre de 2025
#  Simulation has been initialized
# Waveform file 'untitled.awc' connected to 'C:/Users/alber/Downloads/2_TDA_1819/My_Designs/TDA_1819/TDA_1819/src/wave.asdb'.
run
# EXECUTION:: WARNING: El programa 'Assembler/test_pushh_poph.asm' ha sido ensamblado exitosamente
# EXECUTION:: Time: 597 ns,  Iteration: 1,  Instance: /usuario,  Process: Main.
# EXECUTION:: NOTE   : WRITE: addr=32766 size=2
# EXECUTION:: Time: 2075 ns,  Iteration: 4,  Instance: /usuario/UUT/UUT4,  Process: DataMemory.
# EXECUTION:: NOTE   : WRITE: addr=32767 size=2
# EXECUTION:: Time: 2075 ns,  Iteration: 4,  Instance: /usuario/UUT/UUT4,  Process: DataMemory.
# EXECUTION:: NOTE   : WRITE: addr=32764 size=2
# EXECUTION:: Time: 2525 ns,  Iteration: 4,  Instance: /usuario/UUT/UUT4,  Process: DataMemory.
# EXECUTION:: NOTE   : WRITE: addr=32765 size=2
# EXECUTION:: Time: 2525 ns,  Iteration: 4,  Instance: /usuario/UUT/UUT4,  Process: DataMemory.
# EXECUTION:: NOTE   : WRITE: addr=32762 size=2
# EXECUTION:: Time: 2725 ns,  Iteration: 4,  Instance: /usuario/UUT/UUT4,  Process: DataMemory.
# EXECUTION:: NOTE   : WRITE: addr=32763 size=2
# EXECUTION:: Time: 2725 ns,  Iteration: 4,  Instance: /usuario/UUT/UUT4,  Process: DataMemory.
# EXECUTION:: NOTE   : WRITE: addr=32766 size=2
# EXECUTION:: Time: 3875 ns,  Iteration: 4,  Instance: /usuario/UUT/UUT4,  Process: DataMemory.
# EXECUTION:: NOTE   : WRITE: addr=32767 size=2
# EXECUTION:: Time: 3875 ns,  Iteration: 4,  Instance: /usuario/UUT/UUT4,  Process: DataMemory.
# EXECUTION:: WARNING: El programa 'Assembler/test_pushh_poph.asm' ha sido ejecutado exitosamente
# EXECUTION:: Time: 4650 ns,  Iteration: 1,  Instance: /usuario,  Process: Main.
# KERNEL: Simulation has finished. There are no more test vectors to simulate.
endsim
# VSIM: Simulation has finished.
asim -t ns -O5 +access +r +m+usuario usuario usuario_architecture
# ELBREAD: Elaboration process.
# ELBREAD: Elaboration time 0.0 [s].
# VSIM: Stack memory: 32MB
# VSIM: Retval memory: 32MB
# 
# KERNEL: Main thread initiated.
# KERNEL: Kernel process initialization phase.
# ELAB2: Elaboration final pass...
# ELAB2: Create instances ...
# KERNEL: Time resolution set to 1ns.
# ELAB2: Create instances complete.
# SLP: Started
# SLP: Elaboration phase ...
# SLP: Elaboration phase ... skipped, nothing to simulate in SLP mode : 0.0 [s]
# SLP: Finished : 0.0 [s]
# ELAB2: Elaboration final pass complete - time: 0.1 [s].
# KERNEL: Warning: You are using the Active-HDL Student Edition. The performance of simulation is running at a reduced rate.
# KERNEL: Warning: Contact Aldec for available upgrade options - sales@aldec.com.
# KERNEL: Kernel process initialization done.
# Allocation: Simulator allocated 57068 kB (elbread=427 elab2=56491 kernel=149 sdf=0)
# KERNEL: ASDB file was created in location C:\Users\alber\Downloads\2_TDA_1819\My_Designs\TDA_1819\TDA_1819\src\wave.asdb
#  15:13, jueves, 20 de noviembre de 2025
#  Simulation has been initialized
# Waveform file 'untitled.awc' connected to 'C:/Users/alber/Downloads/2_TDA_1819/My_Designs/TDA_1819/TDA_1819/src/wave.asdb'.
run
# EXECUTION:: WARNING: El programa 'Assembler/test_pushh_poph.asm' ha sido ensamblado exitosamente
# EXECUTION:: Time: 597 ns,  Iteration: 1,  Instance: /usuario,  Process: Main.
# EXECUTION:: NOTE   : WRITE: addr=32766 size=2
# EXECUTION:: Time: 2025 ns,  Iteration: 4,  Instance: /usuario/UUT/UUT4,  Process: DataMemory.
# EXECUTION:: NOTE   : WRITE: addr=32767 size=2
# EXECUTION:: Time: 2025 ns,  Iteration: 4,  Instance: /usuario/UUT/UUT4,  Process: DataMemory.
# EXECUTION:: NOTE   : WRITE: addr=32764 size=2
# EXECUTION:: Time: 2525 ns,  Iteration: 4,  Instance: /usuario/UUT/UUT4,  Process: DataMemory.
# EXECUTION:: NOTE   : WRITE: addr=32765 size=2
# EXECUTION:: Time: 2525 ns,  Iteration: 4,  Instance: /usuario/UUT/UUT4,  Process: DataMemory.
# EXECUTION:: NOTE   : WRITE: addr=32762 size=2
# EXECUTION:: Time: 2725 ns,  Iteration: 4,  Instance: /usuario/UUT/UUT4,  Process: DataMemory.
# EXECUTION:: NOTE   : WRITE: addr=32763 size=2
# EXECUTION:: Time: 2725 ns,  Iteration: 4,  Instance: /usuario/UUT/UUT4,  Process: DataMemory.
# EXECUTION:: NOTE   : WRITE: addr=32766 size=2
# EXECUTION:: Time: 3525 ns,  Iteration: 4,  Instance: /usuario/UUT/UUT4,  Process: DataMemory.
# EXECUTION:: NOTE   : WRITE: addr=32767 size=2
# EXECUTION:: Time: 3525 ns,  Iteration: 4,  Instance: /usuario/UUT/UUT4,  Process: DataMemory.
# EXECUTION:: WARNING: El programa 'Assembler/test_pushh_poph.asm' ha sido ejecutado exitosamente
# EXECUTION:: Time: 4200 ns,  Iteration: 1,  Instance: /usuario,  Process: Main.
# KERNEL: Simulation has finished. There are no more test vectors to simulate.
endsim
# VSIM: Simulation has finished.
asim -t ns -O5 +access +r +m+usuario usuario usuario_architecture
# ELBREAD: Elaboration process.
# ELBREAD: Elaboration time 0.0 [s].
# VSIM: Stack memory: 32MB
# VSIM: Retval memory: 32MB
# 
# KERNEL: Main thread initiated.
# KERNEL: Kernel process initialization phase.
# ELAB2: Elaboration final pass...
# ELAB2: Create instances ...
# KERNEL: Time resolution set to 1ns.
# ELAB2: Create instances complete.
# SLP: Started
# SLP: Elaboration phase ...
# SLP: Elaboration phase ... skipped, nothing to simulate in SLP mode : 0.0 [s]
# SLP: Finished : 0.0 [s]
# ELAB2: Elaboration final pass complete - time: 0.1 [s].
# KERNEL: Warning: You are using the Active-HDL Student Edition. The performance of simulation is running at a reduced rate.
# KERNEL: Warning: Contact Aldec for available upgrade options - sales@aldec.com.
# KERNEL: Kernel process initialization done.
# Allocation: Simulator allocated 57068 kB (elbread=427 elab2=56491 kernel=149 sdf=0)
# KERNEL: ASDB file was created in location C:\Users\alber\Downloads\2_TDA_1819\My_Designs\TDA_1819\TDA_1819\src\wave.asdb
#  15:15, jueves, 20 de noviembre de 2025
#  Simulation has been initialized
# Waveform file 'untitled.awc' connected to 'C:/Users/alber/Downloads/2_TDA_1819/My_Designs/TDA_1819/TDA_1819/src/wave.asdb'.
run
# EXECUTION:: WARNING: El programa 'Assembler/test_pushh_poph.asm' ha sido ensamblado exitosamente
# EXECUTION:: Time: 615 ns,  Iteration: 1,  Instance: /usuario,  Process: Main.
# EXECUTION:: NOTE   : WRITE: addr=32766 size=2
# EXECUTION:: Time: 2075 ns,  Iteration: 4,  Instance: /usuario/UUT/UUT4,  Process: DataMemory.
# EXECUTION:: NOTE   : WRITE: addr=32767 size=2
# EXECUTION:: Time: 2075 ns,  Iteration: 4,  Instance: /usuario/UUT/UUT4,  Process: DataMemory.
# EXECUTION:: NOTE   : WRITE: addr=32764 size=2
# EXECUTION:: Time: 2575 ns,  Iteration: 4,  Instance: /usuario/UUT/UUT4,  Process: DataMemory.
# EXECUTION:: NOTE   : WRITE: addr=32765 size=2
# EXECUTION:: Time: 2575 ns,  Iteration: 4,  Instance: /usuario/UUT/UUT4,  Process: DataMemory.
# EXECUTION:: NOTE   : WRITE: addr=32762 size=2
# EXECUTION:: Time: 2775 ns,  Iteration: 4,  Instance: /usuario/UUT/UUT4,  Process: DataMemory.
# EXECUTION:: NOTE   : WRITE: addr=32763 size=2
# EXECUTION:: Time: 2775 ns,  Iteration: 4,  Instance: /usuario/UUT/UUT4,  Process: DataMemory.
# EXECUTION:: NOTE   : WRITE: addr=32766 size=2
# EXECUTION:: Time: 3725 ns,  Iteration: 4,  Instance: /usuario/UUT/UUT4,  Process: DataMemory.
# EXECUTION:: NOTE   : WRITE: addr=32767 size=2
# EXECUTION:: Time: 3725 ns,  Iteration: 4,  Instance: /usuario/UUT/UUT4,  Process: DataMemory.
# EXECUTION:: WARNING: El programa 'Assembler/test_pushh_poph.asm' ha sido ejecutado exitosamente
# EXECUTION:: Time: 4400 ns,  Iteration: 1,  Instance: /usuario,  Process: Main.
# KERNEL: Simulation has finished. There are no more test vectors to simulate.
endsim
# VSIM: Simulation has finished.
acom -O3 -e 100 -work TDA_1819 -2002  "$dsn/src/Usuario/PC/2. CPU/2. Etapas/2. Decode/decode.vhd"
# Compile Entity "decode"
# Compile Architecture "decode_architecture" of Entity "decode"
# Error: COMP96_0078: Usuario/PC/2. CPU/2. Etapas/2. Decode/decode.vhd : (421, 28): Unknown identifier "StallWAW".
# Error: COMP96_0133: Usuario/PC/2. CPU/2. Etapas/2. Decode/decode.vhd : (421, 28): Cannot find object declaration.
# Error: COMP96_0077: Usuario/PC/2. CPU/2. Etapas/2. Decode/decode.vhd : (421, 8): Undefined type of expression. Expected type 'BOOLEAN'.
# Compile failure 3 Errors 0 Warnings  Analysis time :  47.0 [ms]
acom -O3 -e 100 -work TDA_1819 -2002  "$dsn/src/Usuario/PC/2. CPU/2. Etapas/2. Decode/decode.vhd"
# Compile Entity "decode"
# Compile Architecture "decode_architecture" of Entity "decode"
# Compile success 0 Errors 0 Warnings  Analysis time :  0.1 [s]
acom -O3 -e 100 -work TDA_1819 -2002  "$dsn/src/Usuario/PC/2. CPU/2. Etapas/2. Decode/decode.vhd"
# Compile Entity "decode"
# Compile Architecture "decode_architecture" of Entity "decode"
# Compile success 0 Errors 0 Warnings  Analysis time :  79.0 [ms]
acom -O3 -e 100 -work TDA_1819 -2002  "$dsn/src/Usuario/PC/2. CPU/2. Etapas/2. Decode/decode.vhd"
# Compile Entity "decode"
# Compile Architecture "decode_architecture" of Entity "decode"
# Compile success 0 Errors 0 Warnings  Analysis time :  94.0 [ms]
acom -O3 -e 100 -work TDA_1819 -2002  $dsn/src/Packages/const_reloj.vhd $dsn/src/Packages/tipos_cpu.vhd $dsn/src/Packages/tipos_memoria.vhd $dsn/src/Packages/const_memoria.vhd $dsn/src/Packages/const_registros.vhd $dsn/src/Packages/const_flags.vhd $dsn/src/Packages/const_buses.vhd $dsn/src/Packages/const_cpu.vhd $dsn/src/Packages/tipos_ensamblador.vhd $dsn/src/Packages/repert_cpu.vhd $dsn/src/Packages/tipos_ascii.vhd $dsn/src/Packages/const_ascii.vhd $dsn/src/Packages/func_ensamblador.vhd $dsn/src/Packages/const_ensamblador.vhd $dsn/src/Usuario/usuario.vhd $dsn/src/Usuario/PC/pc.vhd "$dsn/src/Usuario/PC/1. Ensamblador/ensamblador.vhd" "$dsn/src/Usuario/PC/2. CPU/cpu.vhd" "$dsn/src/Usuario/PC/2. CPU/1. UI/ui.vhd" "$dsn/src/Usuario/PC/2. CPU/1. UI/1. Máquina de Estados/states_machine.vhd" "$dsn/src/Usuario/PC/2. CPU/1. UI/2. Registros FP/registros_fp.vhd" "$dsn/src/Usuario/PC/2. CPU/2. Etapas/etapas.vhd" "$dsn/src/Usuario/PC/2. CPU/2. Etapas/1. Fetch/fetch.vhd" "$dsn/src/Usuario/PC/2. CPU/2. Etapas/2. Decode/decode.vhd" "$dsn/src/Usuario/PC/2. CPU/2. Etapas/3. Execute/execute.vhd" "$dsn/src/Usuario/PC/2. CPU/2. Etapas/3. Execute/1. ALU/execute_alu.vhd" "$dsn/src/Usuario/PC/2. CPU/2. Etapas/3. Execute/2. FPU/execute_fpu.vhd" "$dsn/src/Usuario/PC/2. CPU/2. Etapas/4. Memory Access/memory_access.vhd" "$dsn/src/Usuario/PC/2. CPU/2. Etapas/5. Writeback/writeback.vhd" "$dsn/src/Usuario/PC/2. CPU/3. Pipeline_Registros/pipeline_registros.vhd" "$dsn/src/Usuario/PC/2. CPU/4. Atascos/atascos.vhd" "$dsn/src/Usuario/PC/2. CPU/4. Atascos/1. Estructurales/str_detector.vhd" "$dsn/src/Usuario/PC/2. CPU/4. Atascos/2. Datos/raw_waw_detector.vhd" "$dsn/src/Usuario/PC/2. CPU/5. CPU_Admin/cpu_admin.vhd" "$dsn/src/Usuario/PC/2. CPU/6. Reloj/reloj.vhd" "$dsn/src/Usuario/PC/2. CPU/7. Registros/registros.vhd" "$dsn/src/Usuario/PC/3. Buses_Admin/buses_admin.vhd" "$dsn/src/Usuario/PC/4. Memoria/memoria.vhd"
# Compile Package "const_reloj"
# Compile Package Body "const_reloj"
# Compile Package "tipos_cpu"
# Compile Package Body "tipos_cpu"
# Compile Package "tipos_memoria"
# Compile Package Body "tipos_memoria"
# Compile Package "const_memoria"
# Compile Package Body "const_memoria"
# Compile Package "const_registros"
# Compile Package Body "const_registros"
# Compile Package "const_flags"
# Compile Package Body "const_flags"
# Compile Package "const_buses"
# Compile Package Body "const_buses"
# Compile Package "const_cpu"
# Compile Package Body "const_cpu"
# Compile Package "tipos_ensamblador"
# Compile Package Body "tipos_ensamblador"
# Compile Package "repert_cpu"
# Compile Package Body "repert_cpu"
# Compile Package "tipos_ascii"
# Compile Package Body "tipos_ascii"
# Compile Package "const_ascii"
# Compile Package Body "const_ascii"
# Compile Package "func_ensamblador"
# Compile Package Body "func_ensamblador"
# Compile Package "const_ensamblador"
# Compile Package Body "const_ensamblador"
# Compile Entity "usuario"
# Compile Architecture "USUARIO_ARCHITECTURE" of Entity "usuario"
# Compile Entity "pc"
# Compile Architecture "PC_ARCHITECTURE" of Entity "pc"
# Compile Entity "ensamblador"
# Compile Architecture "ENSAMBLADOR_ARCHITECTURE" of Entity "ensamblador"
# Compile Entity "cpu"
# Compile Architecture "CPU_ARCHITECTURE" of Entity "cpu"
# Compile Entity "ui"
# Compile Architecture "UI_ARCHITECTURE" of Entity "ui"
# Compile Entity "states_machine"
# Compile Architecture "STATES_MACHINE_ARCHITECTURE" of Entity "states_machine"
# Compile Entity "registros_fp"
# Compile Architecture "REGISTROS_FP_ARCHITECTURE" of Entity "registros_fp"
# Compile Entity "etapas"
# Compile Architecture "ETAPAS_ARCHITECTURE" of Entity "etapas"
# Compile Entity "fetch"
# Compile Architecture "fetch_architecture" of Entity "fetch"
# Compile Entity "decode"
# Compile Architecture "decode_architecture" of Entity "decode"
# Compile Entity "execute"
# Compile Architecture "EXECUTE_ARCHITECTURE" of Entity "execute"
# Compile Entity "execute_alu"
# Compile Architecture "EXECUTE_ALU_ARCHITECTURE" of Entity "execute_alu"
# Compile Entity "execute_fpu"
# Compile Architecture "EXECUTE_FPU_ARCHITECTURE" of Entity "execute_fpu"
# Compile Entity "memory_access"
# Compile Architecture "MEMORY_ACCESS_ARCHITECTURE" of Entity "memory_access"
# Compile Entity "writeback"
# Compile Architecture "WRITEBACK_ARCHITECTURE" of Entity "writeback"
# Compile Entity "pipeline_registros"
# Compile Architecture "pipeline_registros_architecture" of Entity "pipeline_registros"
# Compile Entity "atascos"
# Compile Architecture "ATASCOS_ARCHITECTURE" of Entity "atascos"
# Compile Entity "str_detector"
# Compile Architecture "STR_DETECTOR_ARCHITECTURE" of Entity "str_detector"
# Compile Entity "raw_waw_detector"
# Compile Architecture "RAW_WAW_DETECTOR_ARCHITECTURE" of Entity "raw_waw_detector"
# Error: COMP96_0303: Usuario/PC/2. CPU/4. Atascos/2. Datos/raw_waw_detector.vhd : (397, 9): Each choice in a case statement can be represented only once.
# Error: COMP96_0303: Usuario/PC/2. CPU/4. Atascos/2. Datos/raw_waw_detector.vhd : (505, 10): Each choice in a case statement can be represented only once.
# Error: COMP96_0303: Usuario/PC/2. CPU/4. Atascos/2. Datos/raw_waw_detector.vhd : (1021, 10): Each choice in a case statement can be represented only once.
# Compile Entity "cpu_admin"
# Compile Architecture "cpu_admin_architecture" of Entity "cpu_admin"
# Compile Entity "reloj"
# Compile Architecture "reloj_architecture" of Entity "reloj"
# Compile Entity "registros"
# Compile Architecture "REGISTROS_ARCHITECTURE" of Entity "registros"
# Compile Entity "buses_admin"
# Compile Architecture "BUSES_ADMIN_ARCHITECTURE" of Entity "buses_admin"
# Compile Entity "memoria"
# Compile Architecture "MEMORIA_ARCHITECTURE" of Entity "memoria"
# Compile failure 3 Errors 0 Warnings  Analysis time :  1.0 [s]
asim -t ns -O5 +access +r +m+usuario usuario usuario_architecture
# ELBREAD: Elaboration process.
# ELBREAD: Elaboration time 0.0 [s].
# VSIM: Stack memory: 32MB
# VSIM: Retval memory: 32MB
# 
acom -O3 -e 100 -work TDA_1819 -2002  "$dsn/src/Usuario/PC/2. CPU/4. Atascos/2. Datos/raw_waw_detector.vhd"
# Compile Entity "raw_waw_detector"
# Compile Architecture "RAW_WAW_DETECTOR_ARCHITECTURE" of Entity "raw_waw_detector"
# Error: COMP96_0303: Usuario/PC/2. CPU/4. Atascos/2. Datos/raw_waw_detector.vhd : (505, 10): Each choice in a case statement can be represented only once.
# Error: COMP96_0303: Usuario/PC/2. CPU/4. Atascos/2. Datos/raw_waw_detector.vhd : (1021, 10): Each choice in a case statement can be represented only once.
# Compile failure 2 Errors 0 Warnings  Analysis time :  15.0 [ms]
# ELBREAD: Elaboration process.
# ELBREAD: Elaboration time 0.0 [s].
# KERNEL: Main thread initiated.
# KERNEL: Kernel process initialization phase.
# ELAB2: Elaboration final pass...
# ELAB2: Create instances ...
# KERNEL: Time resolution set to 1ns.
# ELAB2: Create instances complete.
# SLP: Started
# SLP: Elaboration phase ...
# SLP: Elaboration phase ... skipped, nothing to simulate in SLP mode : 0.0 [s]
# SLP: Finished : 0.0 [s]
# ELAB2: Elaboration final pass complete - time: 0.1 [s].
# KERNEL: Warning: You are using the Active-HDL Student Edition. The performance of simulation is running at a reduced rate.
# KERNEL: Warning: Contact Aldec for available upgrade options - sales@aldec.com.
# KERNEL: Kernel process initialization done.
# Allocation: Simulator allocated 57068 kB (elbread=427 elab2=56491 kernel=149 sdf=0)
# KERNEL: ASDB file was created in location C:\Users\alber\Downloads\2_TDA_1819\My_Designs\TDA_1819\TDA_1819\src\wave.asdb
#  15:49, jueves, 20 de noviembre de 2025
#  Simulation has been initialized
# Waveform file 'untitled.awc' connected to 'C:/Users/alber/Downloads/2_TDA_1819/My_Designs/TDA_1819/TDA_1819/src/wave.asdb'.
run
acom -O3 -e 100 -work TDA_1819 -2002  "$dsn/src/Usuario/PC/2. CPU/4. Atascos/2. Datos/raw_waw_detector.vhd"
# Compile Entity "raw_waw_detector"
# Compile Architecture "RAW_WAW_DETECTOR_ARCHITECTURE" of Entity "raw_waw_detector"
# Error: COMP96_0303: Usuario/PC/2. CPU/4. Atascos/2. Datos/raw_waw_detector.vhd : (1021, 10): Each choice in a case statement can be represented only once.
# Compile failure 1 Errors 0 Warnings  Analysis time :  16.0 [ms]
# ELBREAD: Elaboration process.
# ELBREAD: Elaboration time 0.0 [s].
# 
# KERNEL: Main thread initiated.
# KERNEL: Kernel process initialization phase.
# ELAB2: Elaboration final pass...
# ELAB2: Create instances ...
# KERNEL: Time resolution set to 1ns.
# ELAB2: Create instances complete.
# SLP: Started
# SLP: Elaboration phase ...
# SLP: Elaboration phase ... skipped, nothing to simulate in SLP mode : 0.0 [s]
# SLP: Finished : 0.0 [s]
# ELAB2: Elaboration final pass complete - time: 0.1 [s].
# KERNEL: Warning: You are using the Active-HDL Student Edition. The performance of simulation is running at a reduced rate.
# KERNEL: Warning: Contact Aldec for available upgrade options - sales@aldec.com.
# KERNEL: Kernel process initialization done.
# Allocation: Simulator allocated 57068 kB (elbread=427 elab2=56491 kernel=149 sdf=0)
# KERNEL: ASDB file was created in location C:\Users\alber\Downloads\2_TDA_1819\My_Designs\TDA_1819\TDA_1819\src\wave.asdb
#  15:49, jueves, 20 de noviembre de 2025
#  Simulation has been initialized
# Waveform file 'untitled.awc' connected to 'C:/Users/alber/Downloads/2_TDA_1819/My_Designs/TDA_1819/TDA_1819/src/wave.asdb'.
acom -O3 -e 100 -work TDA_1819 -2002  $dsn/src/Packages/const_reloj.vhd $dsn/src/Packages/tipos_cpu.vhd $dsn/src/Packages/tipos_memoria.vhd $dsn/src/Packages/const_memoria.vhd $dsn/src/Packages/const_registros.vhd $dsn/src/Packages/const_flags.vhd $dsn/src/Packages/const_buses.vhd $dsn/src/Packages/const_cpu.vhd $dsn/src/Packages/tipos_ensamblador.vhd $dsn/src/Packages/repert_cpu.vhd $dsn/src/Packages/tipos_ascii.vhd $dsn/src/Packages/const_ascii.vhd $dsn/src/Packages/func_ensamblador.vhd $dsn/src/Packages/const_ensamblador.vhd $dsn/src/Usuario/usuario.vhd $dsn/src/Usuario/PC/pc.vhd "$dsn/src/Usuario/PC/1. Ensamblador/ensamblador.vhd" "$dsn/src/Usuario/PC/2. CPU/cpu.vhd" "$dsn/src/Usuario/PC/2. CPU/1. UI/ui.vhd" "$dsn/src/Usuario/PC/2. CPU/1. UI/1. Máquina de Estados/states_machine.vhd" "$dsn/src/Usuario/PC/2. CPU/1. UI/2. Registros FP/registros_fp.vhd" "$dsn/src/Usuario/PC/2. CPU/2. Etapas/etapas.vhd" "$dsn/src/Usuario/PC/2. CPU/2. Etapas/1. Fetch/fetch.vhd" "$dsn/src/Usuario/PC/2. CPU/2. Etapas/2. Decode/decode.vhd" "$dsn/src/Usuario/PC/2. CPU/2. Etapas/3. Execute/execute.vhd" "$dsn/src/Usuario/PC/2. CPU/2. Etapas/3. Execute/1. ALU/execute_alu.vhd" "$dsn/src/Usuario/PC/2. CPU/2. Etapas/3. Execute/2. FPU/execute_fpu.vhd" "$dsn/src/Usuario/PC/2. CPU/2. Etapas/4. Memory Access/memory_access.vhd" "$dsn/src/Usuario/PC/2. CPU/2. Etapas/5. Writeback/writeback.vhd" "$dsn/src/Usuario/PC/2. CPU/3. Pipeline_Registros/pipeline_registros.vhd" "$dsn/src/Usuario/PC/2. CPU/4. Atascos/atascos.vhd" "$dsn/src/Usuario/PC/2. CPU/4. Atascos/1. Estructurales/str_detector.vhd" "$dsn/src/Usuario/PC/2. CPU/4. Atascos/2. Datos/raw_waw_detector.vhd" "$dsn/src/Usuario/PC/2. CPU/5. CPU_Admin/cpu_admin.vhd" "$dsn/src/Usuario/PC/2. CPU/6. Reloj/reloj.vhd" "$dsn/src/Usuario/PC/2. CPU/7. Registros/registros.vhd" "$dsn/src/Usuario/PC/3. Buses_Admin/buses_admin.vhd" "$dsn/src/Usuario/PC/4. Memoria/memoria.vhd"
# Compile Package "const_reloj"
# Compile Package Body "const_reloj"
# Compile Package "tipos_cpu"
# Compile Package Body "tipos_cpu"
# Compile Package "tipos_memoria"
# Compile Package Body "tipos_memoria"
# Compile Package "const_memoria"
# Compile Package Body "const_memoria"
# Compile Package "const_registros"
# Compile Package Body "const_registros"
# Compile Package "const_flags"
# Compile Package Body "const_flags"
# Compile Package "const_buses"
# Compile Package Body "const_buses"
# Compile Package "const_cpu"
# Compile Package Body "const_cpu"
# Compile Package "tipos_ensamblador"
# Compile Package Body "tipos_ensamblador"
# Compile Package "repert_cpu"
# Compile Package Body "repert_cpu"
# Compile Package "tipos_ascii"
# Compile Package Body "tipos_ascii"
# Compile Package "const_ascii"
# Compile Package Body "const_ascii"
# Compile Package "func_ensamblador"
# Compile Package Body "func_ensamblador"
# Compile Package "const_ensamblador"
# Compile Package Body "const_ensamblador"
# Compile Entity "usuario"
# Compile Architecture "USUARIO_ARCHITECTURE" of Entity "usuario"
# Compile Entity "pc"
# Compile Architecture "PC_ARCHITECTURE" of Entity "pc"
# Compile Entity "ensamblador"
# Compile Architecture "ENSAMBLADOR_ARCHITECTURE" of Entity "ensamblador"
# Compile Entity "cpu"
# Compile Architecture "CPU_ARCHITECTURE" of Entity "cpu"
# Compile Entity "ui"
# Compile Architecture "UI_ARCHITECTURE" of Entity "ui"
# Compile Entity "states_machine"
# Compile Architecture "STATES_MACHINE_ARCHITECTURE" of Entity "states_machine"
# Compile Entity "registros_fp"
# Compile Architecture "REGISTROS_FP_ARCHITECTURE" of Entity "registros_fp"
# Compile Entity "etapas"
# Compile Architecture "ETAPAS_ARCHITECTURE" of Entity "etapas"
# Compile Entity "fetch"
# Compile Architecture "fetch_architecture" of Entity "fetch"
# Compile Entity "decode"
# Compile Architecture "decode_architecture" of Entity "decode"
# Compile Entity "execute"
# Compile Architecture "EXECUTE_ARCHITECTURE" of Entity "execute"
# Compile Entity "execute_alu"
# Compile Architecture "EXECUTE_ALU_ARCHITECTURE" of Entity "execute_alu"
# Compile Entity "execute_fpu"
# Compile Architecture "EXECUTE_FPU_ARCHITECTURE" of Entity "execute_fpu"
# Compile Entity "memory_access"
# Compile Architecture "MEMORY_ACCESS_ARCHITECTURE" of Entity "memory_access"
# Compile Entity "writeback"
# Compile Architecture "WRITEBACK_ARCHITECTURE" of Entity "writeback"
# Compile Entity "pipeline_registros"
# Compile Architecture "pipeline_registros_architecture" of Entity "pipeline_registros"
# Compile Entity "atascos"
# Compile Architecture "ATASCOS_ARCHITECTURE" of Entity "atascos"
# Compile Entity "str_detector"
# Compile Architecture "STR_DETECTOR_ARCHITECTURE" of Entity "str_detector"
# Compile Entity "raw_waw_detector"
# Compile Architecture "RAW_WAW_DETECTOR_ARCHITECTURE" of Entity "raw_waw_detector"
# Compile Entity "cpu_admin"
# Compile Architecture "cpu_admin_architecture" of Entity "cpu_admin"
# Compile Entity "reloj"
# Compile Architecture "reloj_architecture" of Entity "reloj"
# Compile Entity "registros"
# Compile Architecture "REGISTROS_ARCHITECTURE" of Entity "registros"
# Compile Entity "buses_admin"
# Compile Architecture "BUSES_ADMIN_ARCHITECTURE" of Entity "buses_admin"
# Compile Entity "memoria"
# Compile Architecture "MEMORIA_ARCHITECTURE" of Entity "memoria"
# Compile success 0 Errors 0 Warnings  Analysis time :  0.9 [s]
run
# EXECUTION:: WARNING: El programa 'Assembler/test_pushh_poph.asm' ha sido ensamblado exitosamente
# EXECUTION:: Time: 615 ns,  Iteration: 1,  Instance: /usuario,  Process: Main.
# EXECUTION:: NOTE   : WRITE: addr=32766 size=2
# EXECUTION:: Time: 2075 ns,  Iteration: 4,  Instance: /usuario/UUT/UUT4,  Process: DataMemory.
# EXECUTION:: NOTE   : WRITE: addr=32767 size=2
# EXECUTION:: Time: 2075 ns,  Iteration: 4,  Instance: /usuario/UUT/UUT4,  Process: DataMemory.
# EXECUTION:: NOTE   : WRITE: addr=32764 size=2
# EXECUTION:: Time: 2525 ns,  Iteration: 4,  Instance: /usuario/UUT/UUT4,  Process: DataMemory.
# EXECUTION:: NOTE   : WRITE: addr=32765 size=2
# EXECUTION:: Time: 2525 ns,  Iteration: 4,  Instance: /usuario/UUT/UUT4,  Process: DataMemory.
# EXECUTION:: NOTE   : WRITE: addr=32762 size=2
# EXECUTION:: Time: 2725 ns,  Iteration: 4,  Instance: /usuario/UUT/UUT4,  Process: DataMemory.
# EXECUTION:: NOTE   : WRITE: addr=32763 size=2
# EXECUTION:: Time: 2725 ns,  Iteration: 4,  Instance: /usuario/UUT/UUT4,  Process: DataMemory.
# EXECUTION:: NOTE   : WRITE: addr=32766 size=2
# EXECUTION:: Time: 3875 ns,  Iteration: 4,  Instance: /usuario/UUT/UUT4,  Process: DataMemory.
# EXECUTION:: NOTE   : WRITE: addr=32767 size=2
# EXECUTION:: Time: 3875 ns,  Iteration: 4,  Instance: /usuario/UUT/UUT4,  Process: DataMemory.
# EXECUTION:: WARNING: El programa 'Assembler/test_pushh_poph.asm' ha sido ejecutado exitosamente
# EXECUTION:: Time: 4650 ns,  Iteration: 1,  Instance: /usuario,  Process: Main.
# KERNEL: Simulation has finished. There are no more test vectors to simulate.
endsim
# VSIM: Simulation has finished.
asim -t ns -O5 +access +r +m+usuario usuario usuario_architecture
# ELBREAD: Elaboration process.
# ELBREAD: Elaboration time 0.0 [s].
# VSIM: Stack memory: 32MB
# VSIM: Retval memory: 32MB
# 
# KERNEL: Main thread initiated.
# KERNEL: Kernel process initialization phase.
# ELAB2: Elaboration final pass...
# ELAB2: Create instances ...
# KERNEL: Time resolution set to 1ns.
# ELAB2: Create instances complete.
# SLP: Started
# SLP: Elaboration phase ...
# SLP: Elaboration phase ... skipped, nothing to simulate in SLP mode : 0.0 [s]
# SLP: Finished : 0.0 [s]
# ELAB2: Elaboration final pass complete - time: 0.1 [s].
# KERNEL: Warning: You are using the Active-HDL Student Edition. The performance of simulation is running at a reduced rate.
# KERNEL: Warning: Contact Aldec for available upgrade options - sales@aldec.com.
# KERNEL: Kernel process initialization done.
# Allocation: Simulator allocated 57069 kB (elbread=427 elab2=56492 kernel=149 sdf=0)
# KERNEL: ASDB file was created in location C:\Users\alber\Downloads\2_TDA_1819\My_Designs\TDA_1819\TDA_1819\src\wave.asdb
#  15:51, jueves, 20 de noviembre de 2025
#  Simulation has been initialized
# Waveform file 'untitled.awc' connected to 'C:/Users/alber/Downloads/2_TDA_1819/My_Designs/TDA_1819/TDA_1819/src/wave.asdb'.
run
# EXECUTION:: WARNING: El programa 'Assembler/test_pushh_poph.asm' ha sido ensamblado exitosamente
# EXECUTION:: Time: 597 ns,  Iteration: 1,  Instance: /usuario,  Process: Main.
# EXECUTION:: NOTE   : WRITE: addr=32766 size=2
# EXECUTION:: Time: 2025 ns,  Iteration: 4,  Instance: /usuario/UUT/UUT4,  Process: DataMemory.
# EXECUTION:: NOTE   : WRITE: addr=32767 size=2
# EXECUTION:: Time: 2025 ns,  Iteration: 4,  Instance: /usuario/UUT/UUT4,  Process: DataMemory.
# EXECUTION:: NOTE   : WRITE: addr=32764 size=2
# EXECUTION:: Time: 2475 ns,  Iteration: 4,  Instance: /usuario/UUT/UUT4,  Process: DataMemory.
# EXECUTION:: NOTE   : WRITE: addr=32765 size=2
# EXECUTION:: Time: 2475 ns,  Iteration: 4,  Instance: /usuario/UUT/UUT4,  Process: DataMemory.
# EXECUTION:: NOTE   : WRITE: addr=32762 size=2
# EXECUTION:: Time: 2675 ns,  Iteration: 4,  Instance: /usuario/UUT/UUT4,  Process: DataMemory.
# EXECUTION:: NOTE   : WRITE: addr=32763 size=2
# EXECUTION:: Time: 2675 ns,  Iteration: 4,  Instance: /usuario/UUT/UUT4,  Process: DataMemory.
# EXECUTION:: NOTE   : WRITE: addr=32766 size=2
# EXECUTION:: Time: 3825 ns,  Iteration: 4,  Instance: /usuario/UUT/UUT4,  Process: DataMemory.
# EXECUTION:: NOTE   : WRITE: addr=32767 size=2
# EXECUTION:: Time: 3825 ns,  Iteration: 4,  Instance: /usuario/UUT/UUT4,  Process: DataMemory.
# EXECUTION:: WARNING: El programa 'Assembler/test_pushh_poph.asm' ha sido ejecutado exitosamente
# EXECUTION:: Time: 4600 ns,  Iteration: 1,  Instance: /usuario,  Process: Main.
# KERNEL: Simulation has finished. There are no more test vectors to simulate.
acom -O3 -e 100 -work TDA_1819 -2002  $dsn/src/Packages/const_reloj.vhd $dsn/src/Packages/tipos_cpu.vhd $dsn/src/Packages/tipos_memoria.vhd $dsn/src/Packages/const_memoria.vhd $dsn/src/Packages/const_registros.vhd $dsn/src/Packages/const_flags.vhd $dsn/src/Packages/const_buses.vhd $dsn/src/Packages/const_cpu.vhd $dsn/src/Packages/tipos_ensamblador.vhd $dsn/src/Packages/repert_cpu.vhd $dsn/src/Packages/tipos_ascii.vhd $dsn/src/Packages/const_ascii.vhd $dsn/src/Packages/func_ensamblador.vhd $dsn/src/Packages/const_ensamblador.vhd $dsn/src/Usuario/usuario.vhd $dsn/src/Usuario/PC/pc.vhd "$dsn/src/Usuario/PC/1. Ensamblador/ensamblador.vhd" "$dsn/src/Usuario/PC/2. CPU/cpu.vhd" "$dsn/src/Usuario/PC/2. CPU/1. UI/ui.vhd" "$dsn/src/Usuario/PC/2. CPU/1. UI/1. Máquina de Estados/states_machine.vhd" "$dsn/src/Usuario/PC/2. CPU/1. UI/2. Registros FP/registros_fp.vhd" "$dsn/src/Usuario/PC/2. CPU/2. Etapas/etapas.vhd" "$dsn/src/Usuario/PC/2. CPU/2. Etapas/1. Fetch/fetch.vhd" "$dsn/src/Usuario/PC/2. CPU/2. Etapas/2. Decode/decode.vhd" "$dsn/src/Usuario/PC/2. CPU/2. Etapas/3. Execute/execute.vhd" "$dsn/src/Usuario/PC/2. CPU/2. Etapas/3. Execute/1. ALU/execute_alu.vhd" "$dsn/src/Usuario/PC/2. CPU/2. Etapas/3. Execute/2. FPU/execute_fpu.vhd" "$dsn/src/Usuario/PC/2. CPU/2. Etapas/4. Memory Access/memory_access.vhd" "$dsn/src/Usuario/PC/2. CPU/2. Etapas/5. Writeback/writeback.vhd" "$dsn/src/Usuario/PC/2. CPU/3. Pipeline_Registros/pipeline_registros.vhd" "$dsn/src/Usuario/PC/2. CPU/4. Atascos/atascos.vhd" "$dsn/src/Usuario/PC/2. CPU/4. Atascos/1. Estructurales/str_detector.vhd" "$dsn/src/Usuario/PC/2. CPU/4. Atascos/2. Datos/raw_waw_detector.vhd" "$dsn/src/Usuario/PC/2. CPU/5. CPU_Admin/cpu_admin.vhd" "$dsn/src/Usuario/PC/2. CPU/6. Reloj/reloj.vhd" "$dsn/src/Usuario/PC/2. CPU/7. Registros/registros.vhd" "$dsn/src/Usuario/PC/3. Buses_Admin/buses_admin.vhd" "$dsn/src/Usuario/PC/4. Memoria/memoria.vhd"
# Compile Package "const_reloj"
# Compile Package Body "const_reloj"
# Compile Package "tipos_cpu"
# Compile Package Body "tipos_cpu"
# Compile Package "tipos_memoria"
# Compile Package Body "tipos_memoria"
# Compile Package "const_memoria"
# Compile Package Body "const_memoria"
# Compile Package "const_registros"
# Compile Package Body "const_registros"
# Compile Package "const_flags"
# Compile Package Body "const_flags"
# Compile Package "const_buses"
# Compile Package Body "const_buses"
# Compile Package "const_cpu"
# Compile Package Body "const_cpu"
# Compile Package "tipos_ensamblador"
# Compile Package Body "tipos_ensamblador"
# Compile Package "repert_cpu"
# Compile Package Body "repert_cpu"
# Compile Package "tipos_ascii"
# Compile Package Body "tipos_ascii"
# Compile Package "const_ascii"
# Compile Package Body "const_ascii"
# Compile Package "func_ensamblador"
# Compile Package Body "func_ensamblador"
# Compile Package "const_ensamblador"
# Compile Package Body "const_ensamblador"
# Compile Entity "usuario"
# Compile Architecture "USUARIO_ARCHITECTURE" of Entity "usuario"
# Compile Entity "pc"
# Compile Architecture "PC_ARCHITECTURE" of Entity "pc"
# Compile Entity "ensamblador"
# Compile Architecture "ENSAMBLADOR_ARCHITECTURE" of Entity "ensamblador"
# Compile Entity "cpu"
# Compile Architecture "CPU_ARCHITECTURE" of Entity "cpu"
# Compile Entity "ui"
# Compile Architecture "UI_ARCHITECTURE" of Entity "ui"
# Compile Entity "states_machine"
# Compile Architecture "STATES_MACHINE_ARCHITECTURE" of Entity "states_machine"
# Compile Entity "registros_fp"
# Compile Architecture "REGISTROS_FP_ARCHITECTURE" of Entity "registros_fp"
# Compile Entity "etapas"
# Compile Architecture "ETAPAS_ARCHITECTURE" of Entity "etapas"
# Compile Entity "fetch"
# Compile Architecture "fetch_architecture" of Entity "fetch"
# Compile Entity "decode"
# Compile Architecture "decode_architecture" of Entity "decode"
# Compile Entity "execute"
# Compile Architecture "EXECUTE_ARCHITECTURE" of Entity "execute"
# Compile Entity "execute_alu"
# Compile Architecture "EXECUTE_ALU_ARCHITECTURE" of Entity "execute_alu"
# Compile Entity "execute_fpu"
# Compile Architecture "EXECUTE_FPU_ARCHITECTURE" of Entity "execute_fpu"
# Compile Entity "memory_access"
# Compile Architecture "MEMORY_ACCESS_ARCHITECTURE" of Entity "memory_access"
# Compile Entity "writeback"
# Compile Architecture "WRITEBACK_ARCHITECTURE" of Entity "writeback"
# Compile Entity "pipeline_registros"
# Compile Architecture "pipeline_registros_architecture" of Entity "pipeline_registros"
# Compile Entity "atascos"
# Compile Architecture "ATASCOS_ARCHITECTURE" of Entity "atascos"
# Compile Entity "str_detector"
# Compile Architecture "STR_DETECTOR_ARCHITECTURE" of Entity "str_detector"
# Compile Entity "raw_waw_detector"
# Compile Architecture "RAW_WAW_DETECTOR_ARCHITECTURE" of Entity "raw_waw_detector"
# Compile Entity "cpu_admin"
# Compile Architecture "cpu_admin_architecture" of Entity "cpu_admin"
# Compile Entity "reloj"
# Compile Architecture "reloj_architecture" of Entity "reloj"
# Compile Entity "registros"
# Compile Architecture "REGISTROS_ARCHITECTURE" of Entity "registros"
# Compile Entity "buses_admin"
# Compile Architecture "BUSES_ADMIN_ARCHITECTURE" of Entity "buses_admin"
# Compile Entity "memoria"
# Compile Architecture "MEMORIA_ARCHITECTURE" of Entity "memoria"
# Compile success 0 Errors 0 Warnings  Analysis time :  1.0 [s]
endsim
# VSIM: Simulation has finished.
asim -t ns -O5 +access +r +m+usuario usuario usuario_architecture
# ELBREAD: Elaboration process.
# ELBREAD: Elaboration time 0.0 [s].
# VSIM: Stack memory: 32MB
# VSIM: Retval memory: 32MB
# 
# KERNEL: Main thread initiated.
# KERNEL: Kernel process initialization phase.
# ELAB2: Elaboration final pass...
# ELAB2: Create instances ...
# KERNEL: Time resolution set to 1ns.
# ELAB2: Create instances complete.
# SLP: Started
# SLP: Elaboration phase ...
# SLP: Elaboration phase ... skipped, nothing to simulate in SLP mode : 0.0 [s]
# SLP: Finished : 0.0 [s]
# ELAB2: Elaboration final pass complete - time: 0.1 [s].
# KERNEL: Warning: You are using the Active-HDL Student Edition. The performance of simulation is running at a reduced rate.
# KERNEL: Warning: Contact Aldec for available upgrade options - sales@aldec.com.
# KERNEL: Kernel process initialization done.
# Allocation: Simulator allocated 57069 kB (elbread=427 elab2=56492 kernel=149 sdf=0)
# KERNEL: ASDB file was created in location C:\Users\alber\Downloads\2_TDA_1819\My_Designs\TDA_1819\TDA_1819\src\wave.asdb
#  15:53, jueves, 20 de noviembre de 2025
#  Simulation has been initialized
# Waveform file 'untitled.awc' connected to 'C:/Users/alber/Downloads/2_TDA_1819/My_Designs/TDA_1819/TDA_1819/src/wave.asdb'.
run
# EXECUTION:: WARNING: El programa 'Assembler/test_pushh_poph.asm' ha sido ensamblado exitosamente
# EXECUTION:: Time: 465 ns,  Iteration: 1,  Instance: /usuario,  Process: Main.
# EXECUTION:: NOTE   : WRITE: addr=32766 size=2
# EXECUTION:: Time: 1925 ns,  Iteration: 4,  Instance: /usuario/UUT/UUT4,  Process: DataMemory.
# EXECUTION:: NOTE   : WRITE: addr=32767 size=2
# EXECUTION:: Time: 1925 ns,  Iteration: 4,  Instance: /usuario/UUT/UUT4,  Process: DataMemory.
# EXECUTION:: NOTE   : WRITE: addr=32764 size=2
# EXECUTION:: Time: 2275 ns,  Iteration: 4,  Instance: /usuario/UUT/UUT4,  Process: DataMemory.
# EXECUTION:: NOTE   : WRITE: addr=32765 size=2
# EXECUTION:: Time: 2275 ns,  Iteration: 4,  Instance: /usuario/UUT/UUT4,  Process: DataMemory.
# EXECUTION:: NOTE   : WRITE: addr=32762 size=2
# EXECUTION:: Time: 2475 ns,  Iteration: 4,  Instance: /usuario/UUT/UUT4,  Process: DataMemory.
# EXECUTION:: NOTE   : WRITE: addr=32763 size=2
# EXECUTION:: Time: 2475 ns,  Iteration: 4,  Instance: /usuario/UUT/UUT4,  Process: DataMemory.
# EXECUTION:: NOTE   : WRITE: addr=32766 size=2
# EXECUTION:: Time: 3625 ns,  Iteration: 4,  Instance: /usuario/UUT/UUT4,  Process: DataMemory.
# EXECUTION:: NOTE   : WRITE: addr=32767 size=2
# EXECUTION:: Time: 3625 ns,  Iteration: 4,  Instance: /usuario/UUT/UUT4,  Process: DataMemory.
# EXECUTION:: WARNING: El programa 'Assembler/test_pushh_poph.asm' ha sido ejecutado exitosamente
# EXECUTION:: Time: 4 us,  Iteration: 1,  Instance: /usuario,  Process: Main.
# KERNEL: Simulation has finished. There are no more test vectors to simulate.
endsim
# VSIM: Simulation has finished.
asim -t ns -O5 +access +r +m+usuario usuario usuario_architecture
# ELBREAD: Elaboration process.
# ELBREAD: Elaboration time 0.0 [s].
# VSIM: Stack memory: 32MB
# VSIM: Retval memory: 32MB
# 
acom -O3 -e 100 -work TDA_1819 -2002  "$dsn/src/Usuario/PC/2. CPU/2. Etapas/2. Decode/decode.vhd"
# Compile Entity "decode"
# Compile Architecture "decode_architecture" of Entity "decode"
# Compile success 0 Errors 0 Warnings  Analysis time :  0.1 [s]
# ELBREAD: Elaboration process.
# ELBREAD: Elaboration time 0.0 [s].
# KERNEL: Main thread initiated.
# KERNEL: Kernel process initialization phase.
# ELAB2: Elaboration final pass...
# ELAB2: Create instances ...
# KERNEL: Time resolution set to 1ns.
# ELAB2: Create instances complete.
# SLP: Started
# SLP: Elaboration phase ...
# SLP: Elaboration phase ... skipped, nothing to simulate in SLP mode : 0.0 [s]
# SLP: Finished : 0.0 [s]
# ELAB2: Elaboration final pass complete - time: 0.1 [s].
# KERNEL: Warning: You are using the Active-HDL Student Edition. The performance of simulation is running at a reduced rate.
# KERNEL: Warning: Contact Aldec for available upgrade options - sales@aldec.com.
# KERNEL: Kernel process initialization done.
# Allocation: Simulator allocated 57069 kB (elbread=427 elab2=56492 kernel=149 sdf=0)
# KERNEL: ASDB file was created in location C:\Users\alber\Downloads\2_TDA_1819\My_Designs\TDA_1819\TDA_1819\src\wave.asdb
#  15:54, jueves, 20 de noviembre de 2025
#  Simulation has been initialized
# Waveform file 'untitled.awc' connected to 'C:/Users/alber/Downloads/2_TDA_1819/My_Designs/TDA_1819/TDA_1819/src/wave.asdb'.
run
# EXECUTION:: WARNING: El programa 'Assembler/test_pushh_poph.asm' ha sido ensamblado exitosamente
# EXECUTION:: Time: 465 ns,  Iteration: 1,  Instance: /usuario,  Process: Main.
# EXECUTION:: NOTE   : WRITE: addr=32766 size=2
# EXECUTION:: Time: 1925 ns,  Iteration: 4,  Instance: /usuario/UUT/UUT4,  Process: DataMemory.
# EXECUTION:: NOTE   : WRITE: addr=32767 size=2
# EXECUTION:: Time: 1925 ns,  Iteration: 4,  Instance: /usuario/UUT/UUT4,  Process: DataMemory.
# EXECUTION:: NOTE   : WRITE: addr=32764 size=2
# EXECUTION:: Time: 2275 ns,  Iteration: 4,  Instance: /usuario/UUT/UUT4,  Process: DataMemory.
# EXECUTION:: NOTE   : WRITE: addr=32765 size=2
# EXECUTION:: Time: 2275 ns,  Iteration: 4,  Instance: /usuario/UUT/UUT4,  Process: DataMemory.
# EXECUTION:: NOTE   : WRITE: addr=32762 size=2
# EXECUTION:: Time: 2475 ns,  Iteration: 4,  Instance: /usuario/UUT/UUT4,  Process: DataMemory.
# EXECUTION:: NOTE   : WRITE: addr=32763 size=2
# EXECUTION:: Time: 2475 ns,  Iteration: 4,  Instance: /usuario/UUT/UUT4,  Process: DataMemory.
# EXECUTION:: NOTE   : WRITE: addr=32766 size=2
# EXECUTION:: Time: 3625 ns,  Iteration: 4,  Instance: /usuario/UUT/UUT4,  Process: DataMemory.
# EXECUTION:: NOTE   : WRITE: addr=32767 size=2
# EXECUTION:: Time: 3625 ns,  Iteration: 4,  Instance: /usuario/UUT/UUT4,  Process: DataMemory.
# EXECUTION:: WARNING: El programa 'Assembler/test_pushh_poph.asm' ha sido ejecutado exitosamente
# EXECUTION:: Time: 4 us,  Iteration: 1,  Instance: /usuario,  Process: Main.
# KERNEL: Simulation has finished. There are no more test vectors to simulate.
endsim
# VSIM: Simulation has finished.
asim -t ns -O5 +access +r +m+usuario usuario usuario_architecture
# ELBREAD: Elaboration process.
# ELBREAD: Elaboration time 0.0 [s].
# VSIM: Stack memory: 32MB
# VSIM: Retval memory: 32MB
# 
acom -O3 -e 100 -work TDA_1819 -2002  "$dsn/src/Usuario/PC/2. CPU/2. Etapas/2. Decode/decode.vhd"
# Compile Entity "decode"
# Compile Architecture "decode_architecture" of Entity "decode"
# Compile success 0 Errors 0 Warnings  Analysis time :  94.0 [ms]
# ELBREAD: Elaboration process.
# ELBREAD: Elaboration time 0.0 [s].
# KERNEL: Main thread initiated.
# KERNEL: Kernel process initialization phase.
# ELAB2: Elaboration final pass...
# ELAB2: Create instances ...
# KERNEL: Time resolution set to 1ns.
# ELAB2: Create instances complete.
# SLP: Started
# SLP: Elaboration phase ...
# SLP: Elaboration phase ... skipped, nothing to simulate in SLP mode : 0.0 [s]
# SLP: Finished : 0.0 [s]
# ELAB2: Elaboration final pass complete - time: 0.1 [s].
# KERNEL: Warning: You are using the Active-HDL Student Edition. The performance of simulation is running at a reduced rate.
# KERNEL: Warning: Contact Aldec for available upgrade options - sales@aldec.com.
# KERNEL: Kernel process initialization done.
# Allocation: Simulator allocated 57069 kB (elbread=427 elab2=56492 kernel=149 sdf=0)
# KERNEL: ASDB file was created in location C:\Users\alber\Downloads\2_TDA_1819\My_Designs\TDA_1819\TDA_1819\src\wave.asdb
#  15:56, jueves, 20 de noviembre de 2025
#  Simulation has been initialized
# Waveform file 'untitled.awc' connected to 'C:/Users/alber/Downloads/2_TDA_1819/My_Designs/TDA_1819/TDA_1819/src/wave.asdb'.
run
# EXECUTION:: WARNING: El programa 'Assembler/test_pushh_poph.asm' ha sido ensamblado exitosamente
# EXECUTION:: Time: 465 ns,  Iteration: 1,  Instance: /usuario,  Process: Main.
# EXECUTION:: NOTE   : WRITE: addr=32766 size=2
# EXECUTION:: Time: 1925 ns,  Iteration: 4,  Instance: /usuario/UUT/UUT4,  Process: DataMemory.
# EXECUTION:: NOTE   : WRITE: addr=32767 size=2
# EXECUTION:: Time: 1925 ns,  Iteration: 4,  Instance: /usuario/UUT/UUT4,  Process: DataMemory.
# EXECUTION:: NOTE   : WRITE: addr=32764 size=2
# EXECUTION:: Time: 2275 ns,  Iteration: 4,  Instance: /usuario/UUT/UUT4,  Process: DataMemory.
# EXECUTION:: NOTE   : WRITE: addr=32765 size=2
# EXECUTION:: Time: 2275 ns,  Iteration: 4,  Instance: /usuario/UUT/UUT4,  Process: DataMemory.
# EXECUTION:: NOTE   : WRITE: addr=32762 size=2
# EXECUTION:: Time: 2475 ns,  Iteration: 4,  Instance: /usuario/UUT/UUT4,  Process: DataMemory.
# EXECUTION:: NOTE   : WRITE: addr=32763 size=2
# EXECUTION:: Time: 2475 ns,  Iteration: 4,  Instance: /usuario/UUT/UUT4,  Process: DataMemory.
# EXECUTION:: NOTE   : WRITE: addr=32766 size=2
# EXECUTION:: Time: 3625 ns,  Iteration: 4,  Instance: /usuario/UUT/UUT4,  Process: DataMemory.
# EXECUTION:: NOTE   : WRITE: addr=32767 size=2
# EXECUTION:: Time: 3625 ns,  Iteration: 4,  Instance: /usuario/UUT/UUT4,  Process: DataMemory.
# EXECUTION:: WARNING: El programa 'Assembler/test_pushh_poph.asm' ha sido ejecutado exitosamente
# EXECUTION:: Time: 4 us,  Iteration: 1,  Instance: /usuario,  Process: Main.
# KERNEL: Simulation has finished. There are no more test vectors to simulate.
endsim
# VSIM: Simulation has finished.
asim -t ns -O5 +access +r +m+usuario usuario usuario_architecture
# ELBREAD: Elaboration process.
# ELBREAD: Elaboration time 0.0 [s].
# VSIM: Stack memory: 32MB
# VSIM: Retval memory: 32MB
# 
# KERNEL: Main thread initiated.
# KERNEL: Kernel process initialization phase.
# ELAB2: Elaboration final pass...
# ELAB2: Create instances ...
# KERNEL: Time resolution set to 1ns.
# ELAB2: Create instances complete.
# SLP: Started
# SLP: Elaboration phase ...
# SLP: Elaboration phase ... skipped, nothing to simulate in SLP mode : 0.0 [s]
# SLP: Finished : 0.0 [s]
# ELAB2: Elaboration final pass complete - time: 0.1 [s].
# KERNEL: Warning: You are using the Active-HDL Student Edition. The performance of simulation is running at a reduced rate.
# KERNEL: Warning: Contact Aldec for available upgrade options - sales@aldec.com.
# KERNEL: Kernel process initialization done.
# Allocation: Simulator allocated 57069 kB (elbread=427 elab2=56492 kernel=149 sdf=0)
# KERNEL: ASDB file was created in location C:\Users\alber\Downloads\2_TDA_1819\My_Designs\TDA_1819\TDA_1819\src\wave.asdb
#  15:57, jueves, 20 de noviembre de 2025
#  Simulation has been initialized
# Waveform file 'untitled.awc' connected to 'C:/Users/alber/Downloads/2_TDA_1819/My_Designs/TDA_1819/TDA_1819/src/wave.asdb'.
run
# EXECUTION:: WARNING: El programa 'Assembler/test_pushh_poph.asm' ha sido ensamblado exitosamente
# EXECUTION:: Time: 543 ns,  Iteration: 1,  Instance: /usuario,  Process: Main.
# EXECUTION:: NOTE   : WRITE: addr=32766 size=2
# EXECUTION:: Time: 2525 ns,  Iteration: 4,  Instance: /usuario/UUT/UUT4,  Process: DataMemory.
# EXECUTION:: NOTE   : WRITE: addr=32767 size=2
# EXECUTION:: Time: 2525 ns,  Iteration: 4,  Instance: /usuario/UUT/UUT4,  Process: DataMemory.
# EXECUTION:: NOTE   : WRITE: addr=32764 size=2
# EXECUTION:: Time: 2875 ns,  Iteration: 4,  Instance: /usuario/UUT/UUT4,  Process: DataMemory.
# EXECUTION:: NOTE   : WRITE: addr=32765 size=2
# EXECUTION:: Time: 2875 ns,  Iteration: 4,  Instance: /usuario/UUT/UUT4,  Process: DataMemory.
# EXECUTION:: NOTE   : WRITE: addr=32762 size=2
# EXECUTION:: Time: 3075 ns,  Iteration: 4,  Instance: /usuario/UUT/UUT4,  Process: DataMemory.
# EXECUTION:: NOTE   : WRITE: addr=32763 size=2
# EXECUTION:: Time: 3075 ns,  Iteration: 4,  Instance: /usuario/UUT/UUT4,  Process: DataMemory.
# EXECUTION:: NOTE   : WRITE: addr=32766 size=2
# EXECUTION:: Time: 4225 ns,  Iteration: 4,  Instance: /usuario/UUT/UUT4,  Process: DataMemory.
# EXECUTION:: NOTE   : WRITE: addr=32767 size=2
# EXECUTION:: Time: 4225 ns,  Iteration: 4,  Instance: /usuario/UUT/UUT4,  Process: DataMemory.
# EXECUTION:: WARNING: El programa 'Assembler/test_pushh_poph.asm' ha sido ejecutado exitosamente
# EXECUTION:: Time: 4600 ns,  Iteration: 1,  Instance: /usuario,  Process: Main.
# KERNEL: Simulation has finished. There are no more test vectors to simulate.
endsim
# VSIM: Simulation has finished.
acom -O3 -e 100 -work TDA_1819 -2002  $dsn/src/Packages/const_reloj.vhd $dsn/src/Packages/tipos_cpu.vhd $dsn/src/Packages/tipos_memoria.vhd $dsn/src/Packages/const_memoria.vhd $dsn/src/Packages/const_registros.vhd $dsn/src/Packages/const_flags.vhd $dsn/src/Packages/const_buses.vhd $dsn/src/Packages/const_cpu.vhd $dsn/src/Packages/tipos_ensamblador.vhd $dsn/src/Packages/repert_cpu.vhd $dsn/src/Packages/tipos_ascii.vhd $dsn/src/Packages/const_ascii.vhd $dsn/src/Packages/func_ensamblador.vhd $dsn/src/Packages/const_ensamblador.vhd $dsn/src/Usuario/usuario.vhd $dsn/src/Usuario/PC/pc.vhd "$dsn/src/Usuario/PC/1. Ensamblador/ensamblador.vhd" "$dsn/src/Usuario/PC/2. CPU/cpu.vhd" "$dsn/src/Usuario/PC/2. CPU/1. UI/ui.vhd" "$dsn/src/Usuario/PC/2. CPU/1. UI/1. Máquina de Estados/states_machine.vhd" "$dsn/src/Usuario/PC/2. CPU/1. UI/2. Registros FP/registros_fp.vhd" "$dsn/src/Usuario/PC/2. CPU/2. Etapas/etapas.vhd" "$dsn/src/Usuario/PC/2. CPU/2. Etapas/1. Fetch/fetch.vhd" "$dsn/src/Usuario/PC/2. CPU/2. Etapas/2. Decode/decode.vhd" "$dsn/src/Usuario/PC/2. CPU/2. Etapas/3. Execute/execute.vhd" "$dsn/src/Usuario/PC/2. CPU/2. Etapas/3. Execute/1. ALU/execute_alu.vhd" "$dsn/src/Usuario/PC/2. CPU/2. Etapas/3. Execute/2. FPU/execute_fpu.vhd" "$dsn/src/Usuario/PC/2. CPU/2. Etapas/4. Memory Access/memory_access.vhd" "$dsn/src/Usuario/PC/2. CPU/2. Etapas/5. Writeback/writeback.vhd" "$dsn/src/Usuario/PC/2. CPU/3. Pipeline_Registros/pipeline_registros.vhd" "$dsn/src/Usuario/PC/2. CPU/4. Atascos/atascos.vhd" "$dsn/src/Usuario/PC/2. CPU/4. Atascos/1. Estructurales/str_detector.vhd" "$dsn/src/Usuario/PC/2. CPU/4. Atascos/2. Datos/raw_waw_detector.vhd" "$dsn/src/Usuario/PC/2. CPU/5. CPU_Admin/cpu_admin.vhd" "$dsn/src/Usuario/PC/2. CPU/6. Reloj/reloj.vhd" "$dsn/src/Usuario/PC/2. CPU/7. Registros/registros.vhd" "$dsn/src/Usuario/PC/3. Buses_Admin/buses_admin.vhd" "$dsn/src/Usuario/PC/4. Memoria/memoria.vhd"
# Compile Package "const_reloj"
# Compile Package Body "const_reloj"
# Compile Package "tipos_cpu"
# Compile Package Body "tipos_cpu"
# Compile Package "tipos_memoria"
# Compile Package Body "tipos_memoria"
# Compile Package "const_memoria"
# Compile Package Body "const_memoria"
# Compile Package "const_registros"
# Compile Package Body "const_registros"
# Compile Package "const_flags"
# Compile Package Body "const_flags"
# Compile Package "const_buses"
# Compile Package Body "const_buses"
# Compile Package "const_cpu"
# Compile Package Body "const_cpu"
# Compile Package "tipos_ensamblador"
# Compile Package Body "tipos_ensamblador"
# Compile Package "repert_cpu"
# Compile Package Body "repert_cpu"
# Compile Package "tipos_ascii"
# Compile Package Body "tipos_ascii"
# Compile Package "const_ascii"
# Compile Package Body "const_ascii"
# Compile Package "func_ensamblador"
# Compile Package Body "func_ensamblador"
# Compile Package "const_ensamblador"
# Compile Package Body "const_ensamblador"
# Compile Entity "usuario"
# Compile Architecture "USUARIO_ARCHITECTURE" of Entity "usuario"
# Compile Entity "pc"
# Compile Architecture "PC_ARCHITECTURE" of Entity "pc"
# Compile Entity "ensamblador"
# Compile Architecture "ENSAMBLADOR_ARCHITECTURE" of Entity "ensamblador"
# Compile Entity "cpu"
# Compile Architecture "CPU_ARCHITECTURE" of Entity "cpu"
# Compile Entity "ui"
# Compile Architecture "UI_ARCHITECTURE" of Entity "ui"
# Compile Entity "states_machine"
# Compile Architecture "STATES_MACHINE_ARCHITECTURE" of Entity "states_machine"
# Compile Entity "registros_fp"
# Compile Architecture "REGISTROS_FP_ARCHITECTURE" of Entity "registros_fp"
# Compile Entity "etapas"
# Compile Architecture "ETAPAS_ARCHITECTURE" of Entity "etapas"
# Compile Entity "fetch"
# Compile Architecture "fetch_architecture" of Entity "fetch"
# Compile Entity "decode"
# Compile Architecture "decode_architecture" of Entity "decode"
# Compile Entity "execute"
# Compile Architecture "EXECUTE_ARCHITECTURE" of Entity "execute"
# Compile Entity "execute_alu"
# Compile Architecture "EXECUTE_ALU_ARCHITECTURE" of Entity "execute_alu"
# Compile Entity "execute_fpu"
# Compile Architecture "EXECUTE_FPU_ARCHITECTURE" of Entity "execute_fpu"
# Compile Entity "memory_access"
# Compile Architecture "MEMORY_ACCESS_ARCHITECTURE" of Entity "memory_access"
# Compile Entity "writeback"
# Compile Architecture "WRITEBACK_ARCHITECTURE" of Entity "writeback"
# Compile Entity "pipeline_registros"
# Compile Architecture "pipeline_registros_architecture" of Entity "pipeline_registros"
# Compile Entity "atascos"
# Compile Architecture "ATASCOS_ARCHITECTURE" of Entity "atascos"
# Compile Entity "str_detector"
# Compile Architecture "STR_DETECTOR_ARCHITECTURE" of Entity "str_detector"
# Compile Entity "raw_waw_detector"
# Compile Architecture "RAW_WAW_DETECTOR_ARCHITECTURE" of Entity "raw_waw_detector"
# Compile Entity "cpu_admin"
# Compile Architecture "cpu_admin_architecture" of Entity "cpu_admin"
# Compile Entity "reloj"
# Compile Architecture "reloj_architecture" of Entity "reloj"
# Compile Entity "registros"
# Compile Architecture "REGISTROS_ARCHITECTURE" of Entity "registros"
# Compile Entity "buses_admin"
# Compile Architecture "BUSES_ADMIN_ARCHITECTURE" of Entity "buses_admin"
# Compile Entity "memoria"
# Compile Architecture "MEMORIA_ARCHITECTURE" of Entity "memoria"
# Compile success 0 Errors 0 Warnings  Analysis time :  1.0 [s]
asim -t ns -O5 +access +r +m+usuario usuario usuario_architecture
# ELBREAD: Elaboration process.
# ELBREAD: Elaboration time 0.0 [s].
# VSIM: Stack memory: 32MB
# VSIM: Retval memory: 32MB
# 
# KERNEL: Main thread initiated.
# KERNEL: Kernel process initialization phase.
# ELAB2: Elaboration final pass...
# ELAB2: Create instances ...
# KERNEL: Time resolution set to 1ns.
# ELAB2: Create instances complete.
# SLP: Started
# SLP: Elaboration phase ...
# SLP: Elaboration phase ... skipped, nothing to simulate in SLP mode : 0.0 [s]
# SLP: Finished : 0.0 [s]
# ELAB2: Elaboration final pass complete - time: 0.1 [s].
# KERNEL: Warning: You are using the Active-HDL Student Edition. The performance of simulation is running at a reduced rate.
# KERNEL: Warning: Contact Aldec for available upgrade options - sales@aldec.com.
# KERNEL: Kernel process initialization done.
# Allocation: Simulator allocated 57069 kB (elbread=427 elab2=56492 kernel=149 sdf=0)
# KERNEL: ASDB file was created in location C:\Users\alber\Downloads\2_TDA_1819\My_Designs\TDA_1819\TDA_1819\src\wave.asdb
#  16:06, jueves, 20 de noviembre de 2025
#  Simulation has been initialized
# Waveform file 'untitled.awc' connected to 'C:/Users/alber/Downloads/2_TDA_1819/My_Designs/TDA_1819/TDA_1819/src/wave.asdb'.
run
# EXECUTION:: WARNING: El programa 'Assembler/test_pushh_poph.asm' ha sido ensamblado exitosamente
# EXECUTION:: Time: 465 ns,  Iteration: 1,  Instance: /usuario,  Process: Main.
# EXECUTION:: NOTE   : WRITE: addr=32766 size=2
# EXECUTION:: Time: 3175 ns,  Iteration: 4,  Instance: /usuario/UUT/UUT4,  Process: DataMemory.
# EXECUTION:: NOTE   : WRITE: addr=32767 size=2
# EXECUTION:: Time: 3175 ns,  Iteration: 4,  Instance: /usuario/UUT/UUT4,  Process: DataMemory.
# EXECUTION:: NOTE   : WRITE: addr=32764 size=2
# EXECUTION:: Time: 3925 ns,  Iteration: 4,  Instance: /usuario/UUT/UUT4,  Process: DataMemory.
# EXECUTION:: NOTE   : WRITE: addr=32765 size=2
# EXECUTION:: Time: 3925 ns,  Iteration: 4,  Instance: /usuario/UUT/UUT4,  Process: DataMemory.
# EXECUTION:: NOTE   : WRITE: addr=32762 size=2
# EXECUTION:: Time: 4175 ns,  Iteration: 4,  Instance: /usuario/UUT/UUT4,  Process: DataMemory.
# EXECUTION:: NOTE   : WRITE: addr=32763 size=2
# EXECUTION:: Time: 4175 ns,  Iteration: 4,  Instance: /usuario/UUT/UUT4,  Process: DataMemory.
# EXECUTION:: NOTE   : WRITE: addr=32766 size=2
# EXECUTION:: Time: 6175 ns,  Iteration: 4,  Instance: /usuario/UUT/UUT4,  Process: DataMemory.
# EXECUTION:: NOTE   : WRITE: addr=32767 size=2
# EXECUTION:: Time: 6175 ns,  Iteration: 4,  Instance: /usuario/UUT/UUT4,  Process: DataMemory.
# EXECUTION:: WARNING: El programa 'Assembler/test_pushh_poph.asm' ha sido ejecutado exitosamente
# EXECUTION:: Time: 7500 ns,  Iteration: 1,  Instance: /usuario,  Process: Main.
# KERNEL: Simulation has finished. There are no more test vectors to simulate.
endsim
# VSIM: Simulation has finished.
acom -O3 -e 100 -work TDA_1819 -2002  $dsn/src/Packages/const_reloj.vhd $dsn/src/Packages/tipos_cpu.vhd $dsn/src/Packages/tipos_memoria.vhd $dsn/src/Packages/const_memoria.vhd $dsn/src/Packages/const_registros.vhd $dsn/src/Packages/const_flags.vhd $dsn/src/Packages/const_buses.vhd $dsn/src/Packages/const_cpu.vhd $dsn/src/Packages/tipos_ensamblador.vhd $dsn/src/Packages/repert_cpu.vhd $dsn/src/Packages/tipos_ascii.vhd $dsn/src/Packages/const_ascii.vhd $dsn/src/Packages/func_ensamblador.vhd $dsn/src/Packages/const_ensamblador.vhd $dsn/src/Usuario/usuario.vhd $dsn/src/Usuario/PC/pc.vhd "$dsn/src/Usuario/PC/1. Ensamblador/ensamblador.vhd" "$dsn/src/Usuario/PC/2. CPU/cpu.vhd" "$dsn/src/Usuario/PC/2. CPU/1. UI/ui.vhd" "$dsn/src/Usuario/PC/2. CPU/1. UI/1. Máquina de Estados/states_machine.vhd" "$dsn/src/Usuario/PC/2. CPU/1. UI/2. Registros FP/registros_fp.vhd" "$dsn/src/Usuario/PC/2. CPU/2. Etapas/etapas.vhd" "$dsn/src/Usuario/PC/2. CPU/2. Etapas/1. Fetch/fetch.vhd" "$dsn/src/Usuario/PC/2. CPU/2. Etapas/2. Decode/decode.vhd" "$dsn/src/Usuario/PC/2. CPU/2. Etapas/3. Execute/execute.vhd" "$dsn/src/Usuario/PC/2. CPU/2. Etapas/3. Execute/1. ALU/execute_alu.vhd" "$dsn/src/Usuario/PC/2. CPU/2. Etapas/3. Execute/2. FPU/execute_fpu.vhd" "$dsn/src/Usuario/PC/2. CPU/2. Etapas/4. Memory Access/memory_access.vhd" "$dsn/src/Usuario/PC/2. CPU/2. Etapas/5. Writeback/writeback.vhd" "$dsn/src/Usuario/PC/2. CPU/3. Pipeline_Registros/pipeline_registros.vhd" "$dsn/src/Usuario/PC/2. CPU/4. Atascos/atascos.vhd" "$dsn/src/Usuario/PC/2. CPU/4. Atascos/1. Estructurales/str_detector.vhd" "$dsn/src/Usuario/PC/2. CPU/4. Atascos/2. Datos/raw_waw_detector.vhd" "$dsn/src/Usuario/PC/2. CPU/5. CPU_Admin/cpu_admin.vhd" "$dsn/src/Usuario/PC/2. CPU/6. Reloj/reloj.vhd" "$dsn/src/Usuario/PC/2. CPU/7. Registros/registros.vhd" "$dsn/src/Usuario/PC/3. Buses_Admin/buses_admin.vhd" "$dsn/src/Usuario/PC/4. Memoria/memoria.vhd"
# Compile Package "const_reloj"
# Compile Package Body "const_reloj"
# Compile Package "tipos_cpu"
# Compile Package Body "tipos_cpu"
# Compile Package "tipos_memoria"
# Compile Package Body "tipos_memoria"
# Compile Package "const_memoria"
# Compile Package Body "const_memoria"
# Compile Package "const_registros"
# Compile Package Body "const_registros"
# Compile Package "const_flags"
# Compile Package Body "const_flags"
# Compile Package "const_buses"
# Compile Package Body "const_buses"
# Compile Package "const_cpu"
# Compile Package Body "const_cpu"
# Compile Package "tipos_ensamblador"
# Compile Package Body "tipos_ensamblador"
# Compile Package "repert_cpu"
# Compile Package Body "repert_cpu"
# Compile Package "tipos_ascii"
# Compile Package Body "tipos_ascii"
# Compile Package "const_ascii"
# Compile Package Body "const_ascii"
# Compile Package "func_ensamblador"
# Compile Package Body "func_ensamblador"
# Compile Package "const_ensamblador"
# Compile Package Body "const_ensamblador"
# Compile Entity "usuario"
# Compile Architecture "USUARIO_ARCHITECTURE" of Entity "usuario"
# Compile Entity "pc"
# Compile Architecture "PC_ARCHITECTURE" of Entity "pc"
# Compile Entity "ensamblador"
# Compile Architecture "ENSAMBLADOR_ARCHITECTURE" of Entity "ensamblador"
# Compile Entity "cpu"
# Compile Architecture "CPU_ARCHITECTURE" of Entity "cpu"
# Compile Entity "ui"
# Compile Architecture "UI_ARCHITECTURE" of Entity "ui"
# Compile Entity "states_machine"
# Compile Architecture "STATES_MACHINE_ARCHITECTURE" of Entity "states_machine"
# Compile Entity "registros_fp"
# Compile Architecture "REGISTROS_FP_ARCHITECTURE" of Entity "registros_fp"
# Compile Entity "etapas"
# Compile Architecture "ETAPAS_ARCHITECTURE" of Entity "etapas"
# Compile Entity "fetch"
# Compile Architecture "fetch_architecture" of Entity "fetch"
# Compile Entity "decode"
# Compile Architecture "decode_architecture" of Entity "decode"
# Compile Entity "execute"
# Compile Architecture "EXECUTE_ARCHITECTURE" of Entity "execute"
# Compile Entity "execute_alu"
# Compile Architecture "EXECUTE_ALU_ARCHITECTURE" of Entity "execute_alu"
# Compile Entity "execute_fpu"
# Compile Architecture "EXE